{"/home/alysseum17/quizProject/src/app.ts": {"path":"/home/alysseum17/quizProject/src/app.ts","statementMap":{"0":{"start":{"line":1,"column":0},"end":{"line":1,"column":30}},"1":{"start":{"line":2,"column":0},"end":{"line":2,"column":43}},"2":{"start":{"line":3,"column":0},"end":{"line":3,"column":28}},"3":{"start":{"line":4,"column":0},"end":{"line":4,"column":24}},"4":{"start":{"line":5,"column":0},"end":{"line":5,"column":38}},"5":{"start":{"line":6,"column":0},"end":{"line":6,"column":49}},"6":{"start":{"line":7,"column":0},"end":{"line":7,"column":49}},"7":{"start":{"line":8,"column":0},"end":{"line":8,"column":49}},"8":{"start":{"line":9,"column":0},"end":{"line":9,"column":66}},"9":{"start":{"line":10,"column":0},"end":{"line":10,"column":41}},"10":{"start":{"line":11,"column":0},"end":{"line":11,"column":53}},"11":{"start":{"line":12,"column":0},"end":{"line":12,"column":57}},"12":{"start":{"line":13,"column":13},"end":{"line":13,"column":29}},"13":{"start":{"line":14,"column":0},"end":{"line":14,"column":36}},"14":{"start":{"line":16,"column":0},"end":{"line":18,"column":1}},"15":{"start":{"line":17,"column":4},"end":{"line":17,"column":30}},"16":{"start":{"line":20,"column":0},"end":{"line":20,"column":16}},"17":{"start":{"line":21,"column":0},"end":{"line":21,"column":18}},"18":{"start":{"line":22,"column":16},"end":{"line":27,"column":2}},"19":{"start":{"line":26,"column":17},"end":{"line":26,"column":48}},"20":{"start":{"line":29,"column":0},"end":{"line":29,"column":25}},"21":{"start":{"line":30,"column":0},"end":{"line":30,"column":41}},"22":{"start":{"line":31,"column":0},"end":{"line":31,"column":63}},"23":{"start":{"line":32,"column":0},"end":{"line":32,"column":23}},"24":{"start":{"line":33,"column":0},"end":{"line":33,"column":24}},"25":{"start":{"line":35,"column":0},"end":{"line":35,"column":36}},"26":{"start":{"line":36,"column":0},"end":{"line":36,"column":34}},"27":{"start":{"line":37,"column":0},"end":{"line":37,"column":42}},"28":{"start":{"line":38,"column":0},"end":{"line":38,"column":42}},"29":{"start":{"line":40,"column":0},"end":{"line":40,"column":28}},"30":{"start":{"line":42,"column":0},"end":{"line":42,"column":54}},"31":{"start":{"line":43,"column":0},"end":{"line":43,"column":38}},"32":{"start":{"line":45,"column":0},"end":{"line":45,"column":28}}},"fnMap":{"0":{"name":"(anonymous_1)","decl":{"start":{"line":26,"column":8},"end":{"line":26,"column":9}},"loc":{"start":{"line":26,"column":17},"end":{"line":26,"column":48}}}},"branchMap":{"0":{"loc":{"start":{"line":16,"column":0},"end":{"line":18,"column":1}},"type":"if","locations":[{"start":{"line":16,"column":0},"end":{"line":18,"column":1}},{"start":{},"end":{}}]}},"s":{"0":5,"1":5,"2":5,"3":5,"4":5,"5":5,"6":5,"7":5,"8":5,"9":5,"10":5,"11":5,"12":5,"13":5,"14":5,"15":0,"16":5,"17":5,"18":5,"19":93,"20":5,"21":5,"22":5,"23":5,"24":5,"25":5,"26":5,"27":5,"28":5,"29":5,"30":5,"31":5,"32":5},"f":{"0":93},"b":{"0":[0,5]}}
,"/home/alysseum17/quizProject/src/prisma.ts": {"path":"/home/alysseum17/quizProject/src/prisma.ts","statementMap":{"0":{"start":{"line":1,"column":0},"end":{"line":1,"column":45}},"1":{"start":{"line":2,"column":0},"end":{"line":2,"column":45}},"2":{"start":{"line":4,"column":25},"end":{"line":4,"column":54}},"3":{"start":{"line":6,"column":16},"end":{"line":6,"column":50}},"4":{"start":{"line":7,"column":13},"end":{"line":7,"column":null}}},"fnMap":{},"branchMap":{},"s":{"0":6,"1":6,"2":6,"3":6,"4":6},"f":{},"b":{}}
,"/home/alysseum17/quizProject/src/controllers/authController.ts": {"path":"/home/alysseum17/quizProject/src/controllers/authController.ts","statementMap":{"0":{"start":{"line":2,"column":0},"end":{"line":2,"column":57}},"1":{"start":{"line":3,"column":0},"end":{"line":3,"column":48}},"2":{"start":{"line":4,"column":0},"end":{"line":4,"column":44}},"3":{"start":{"line":5,"column":0},"end":{"line":5,"column":53}},"4":{"start":{"line":6,"column":0},"end":{"line":6,"column":65}},"5":{"start":{"line":10,"column":20},"end":{"line":10,"column":37}},"6":{"start":{"line":12,"column":24},"end":{"line":25,"column":1}},"7":{"start":{"line":13,"column":4},"end":{"line":16,"column":7}},"8":{"start":{"line":18,"column":4},"end":{"line":18,"column":35}},"9":{"start":{"line":20,"column":4},"end":{"line":24,"column":7}},"10":{"start":{"line":27,"column":13},"end":{"line":32,"column":3}},"11":{"start":{"line":28,"column":17},"end":{"line":28,"column":57}},"12":{"start":{"line":29,"column":16},"end":{"line":29,"column":57}},"13":{"start":{"line":30,"column":26},"end":{"line":30,"column":61}},"14":{"start":{"line":31,"column":4},"end":{"line":31,"column":48}},"15":{"start":{"line":34,"column":13},"end":{"line":38,"column":3}},"16":{"start":{"line":35,"column":17},"end":{"line":35,"column":56}},"17":{"start":{"line":36,"column":26},"end":{"line":36,"column":55}},"18":{"start":{"line":37,"column":4},"end":{"line":37,"column":48}},"19":{"start":{"line":40,"column":13},"end":{"line":47,"column":3}},"20":{"start":{"line":41,"column":4},"end":{"line":45,"column":7}},"21":{"start":{"line":46,"column":4},"end":{"line":46,"column":48}},"22":{"start":{"line":49,"column":13},"end":{"line":68,"column":3}},"23":{"start":{"line":51,"column":4},"end":{"line":55,"column":5}},"24":{"start":{"line":52,"column":8},"end":{"line":52,"column":56}},"25":{"start":{"line":53,"column":11},"end":{"line":55,"column":5}},"26":{"start":{"line":54,"column":8},"end":{"line":54,"column":32}},"27":{"start":{"line":56,"column":4},"end":{"line":58,"column":5}},"28":{"start":{"line":57,"column":8},"end":{"line":57,"column":94}},"29":{"start":{"line":59,"column":24},"end":{"line":59,"column":64}},"30":{"start":{"line":60,"column":4},"end":{"line":62,"column":5}},"31":{"start":{"line":61,"column":8},"end":{"line":61,"column":97}},"32":{"start":{"line":63,"column":4},"end":{"line":65,"column":5}},"33":{"start":{"line":64,"column":8},"end":{"line":64,"column":81}},"34":{"start":{"line":66,"column":4},"end":{"line":66,"column":27}},"35":{"start":{"line":67,"column":4},"end":{"line":67,"column":11}},"36":{"start":{"line":70,"column":13},"end":{"line":78,"column":3}},"37":{"start":{"line":71,"column":17},"end":{"line":71,"column":65}},"38":{"start":{"line":72,"column":17},"end":{"line":72,"column":52}},"39":{"start":{"line":73,"column":4},"end":{"line":73,"column":69}},"40":{"start":{"line":74,"column":4},"end":{"line":77,"column":7}},"41":{"start":{"line":80,"column":13},"end":{"line":85,"column":3}},"42":{"start":{"line":81,"column":17},"end":{"line":81,"column":64}},"43":{"start":{"line":82,"column":21},"end":{"line":82,"column":37}},"44":{"start":{"line":83,"column":25},"end":{"line":83,"column":72}},"45":{"start":{"line":84,"column":4},"end":{"line":84,"column":48}},"46":{"start":{"line":87,"column":13},"end":{"line":92,"column":3}},"47":{"start":{"line":88,"column":19},"end":{"line":88,"column":30}},"48":{"start":{"line":89,"column":17},"end":{"line":89,"column":53}},"49":{"start":{"line":90,"column":26},"end":{"line":90,"column":72}},"50":{"start":{"line":91,"column":4},"end":{"line":91,"column":48}},"51":{"start":{"line":94,"column":13},"end":{"line":98,"column":3}},"52":{"start":{"line":95,"column":19},"end":{"line":95,"column":30}},"53":{"start":{"line":96,"column":4},"end":{"line":96,"column":48}},"54":{"start":{"line":97,"column":4},"end":{"line":97,"column":60}}},"fnMap":{"0":{"name":"(anonymous_10)","decl":{"start":{"line":12,"column":24},"end":{"line":12,"column":25}},"loc":{"start":{"line":12,"column":102},"end":{"line":25,"column":1}}},"1":{"name":"(anonymous_11)","decl":{"start":{"line":27,"column":33},"end":{"line":27,"column":38}},"loc":{"start":{"line":27,"column":71},"end":{"line":32,"column":1}}},"2":{"name":"(anonymous_12)","decl":{"start":{"line":34,"column":32},"end":{"line":34,"column":37}},"loc":{"start":{"line":34,"column":70},"end":{"line":38,"column":1}}},"3":{"name":"(anonymous_13)","decl":{"start":{"line":40,"column":33},"end":{"line":40,"column":38}},"loc":{"start":{"line":40,"column":71},"end":{"line":47,"column":1}}},"4":{"name":"(anonymous_14)","decl":{"start":{"line":49,"column":34},"end":{"line":49,"column":39}},"loc":{"start":{"line":49,"column":96},"end":{"line":68,"column":1}}},"5":{"name":"(anonymous_15)","decl":{"start":{"line":70,"column":41},"end":{"line":70,"column":46}},"loc":{"start":{"line":70,"column":79},"end":{"line":78,"column":1}}},"6":{"name":"(anonymous_16)","decl":{"start":{"line":80,"column":40},"end":{"line":80,"column":45}},"loc":{"start":{"line":80,"column":78},"end":{"line":85,"column":1}}},"7":{"name":"(anonymous_17)","decl":{"start":{"line":87,"column":41},"end":{"line":87,"column":46}},"loc":{"start":{"line":87,"column":83},"end":{"line":92,"column":1}}},"8":{"name":"(anonymous_18)","decl":{"start":{"line":94,"column":44},"end":{"line":94,"column":49}},"loc":{"start":{"line":94,"column":86},"end":{"line":98,"column":1}}}},"branchMap":{"0":{"loc":{"start":{"line":15,"column":16},"end":{"line":15,"column":74}},"type":"binary-expr","locations":[{"start":{"line":15,"column":16},"end":{"line":15,"column":26}},{"start":{"line":15,"column":30},"end":{"line":15,"column":74}}]},"1":{"loc":{"start":{"line":43,"column":16},"end":{"line":43,"column":74}},"type":"binary-expr","locations":[{"start":{"line":43,"column":16},"end":{"line":43,"column":26}},{"start":{"line":43,"column":30},"end":{"line":43,"column":74}}]},"2":{"loc":{"start":{"line":51,"column":4},"end":{"line":55,"column":5}},"type":"if","locations":[{"start":{"line":51,"column":4},"end":{"line":55,"column":5}},{"start":{"line":53,"column":11},"end":{"line":55,"column":5}}]},"3":{"loc":{"start":{"line":51,"column":8},"end":{"line":51,"column":83}},"type":"binary-expr","locations":[{"start":{"line":51,"column":8},"end":{"line":51,"column":33}},{"start":{"line":51,"column":37},"end":{"line":51,"column":83}}]},"4":{"loc":{"start":{"line":53,"column":11},"end":{"line":55,"column":5}},"type":"if","locations":[{"start":{"line":53,"column":11},"end":{"line":55,"column":5}},{"start":{},"end":{}}]},"5":{"loc":{"start":{"line":56,"column":4},"end":{"line":58,"column":5}},"type":"if","locations":[{"start":{"line":56,"column":4},"end":{"line":58,"column":5}},{"start":{},"end":{}}]},"6":{"loc":{"start":{"line":60,"column":4},"end":{"line":62,"column":5}},"type":"if","locations":[{"start":{"line":60,"column":4},"end":{"line":62,"column":5}},{"start":{},"end":{}}]},"7":{"loc":{"start":{"line":63,"column":4},"end":{"line":65,"column":5}},"type":"if","locations":[{"start":{"line":63,"column":4},"end":{"line":65,"column":5}},{"start":{},"end":{}}]},"8":{"loc":{"start":{"line":72,"column":17},"end":{"line":72,"column":52}},"type":"binary-expr","locations":[{"start":{"line":72,"column":17},"end":{"line":72,"column":32}},{"start":{"line":72,"column":36},"end":{"line":72,"column":52}}]}},"s":{"0":6,"1":6,"2":6,"3":6,"4":6,"5":6,"6":6,"7":3,"8":3,"9":3,"10":6,"11":2,"12":2,"13":2,"14":1,"15":6,"16":4,"17":4,"18":1,"19":6,"20":1,"21":1,"22":6,"23":67,"24":64,"25":3,"26":0,"27":67,"28":3,"29":64,"30":63,"31":0,"32":63,"33":0,"34":63,"35":63,"36":6,"37":1,"38":1,"39":1,"40":1,"41":6,"42":0,"43":0,"44":0,"45":0,"46":6,"47":2,"48":2,"49":2,"50":1,"51":6,"52":1,"53":1,"54":1},"f":{"0":3,"1":2,"2":4,"3":1,"4":67,"5":1,"6":0,"7":2,"8":1},"b":{"0":[3,3],"1":[1,1],"2":[64,3],"3":[67,64],"4":[0,3],"5":[3,64],"6":[0,63],"7":[0,63],"8":[1,0]}}
,"/home/alysseum17/quizProject/src/controllers/bookmarkController.ts": {"path":"/home/alysseum17/quizProject/src/controllers/bookmarkController.ts","statementMap":{"0":{"start":{"line":2,"column":0},"end":{"line":2,"column":48}},"1":{"start":{"line":3,"column":0},"end":{"line":3,"column":61}},"2":{"start":{"line":4,"column":0},"end":{"line":4,"column":100}},"3":{"start":{"line":5,"column":0},"end":{"line":5,"column":71}},"4":{"start":{"line":8,"column":24},"end":{"line":8,"column":45}},"5":{"start":{"line":10,"column":13},"end":{"line":20,"column":3}},"6":{"start":{"line":11,"column":19},"end":{"line":11,"column":30}},"7":{"start":{"line":12,"column":23},"end":{"line":12,"column":58}},"8":{"start":{"line":14,"column":4},"end":{"line":14,"column":54}},"9":{"start":{"line":16,"column":4},"end":{"line":19,"column":7}},"10":{"start":{"line":22,"column":13},"end":{"line":31,"column":3}},"11":{"start":{"line":23,"column":19},"end":{"line":23,"column":30}},"12":{"start":{"line":24,"column":23},"end":{"line":24,"column":58}},"13":{"start":{"line":26,"column":4},"end":{"line":26,"column":57}},"14":{"start":{"line":27,"column":4},"end":{"line":30,"column":7}},"15":{"start":{"line":33,"column":13},"end":{"line":47,"column":3}},"16":{"start":{"line":34,"column":19},"end":{"line":34,"column":30}},"17":{"start":{"line":35,"column":28},"end":{"line":35,"column":60}},"18":{"start":{"line":37,"column":17},"end":{"line":37,"column":74}},"19":{"start":{"line":39,"column":4},"end":{"line":46,"column":7}},"20":{"start":{"line":50,"column":13},"end":{"line":61,"column":3}},"21":{"start":{"line":51,"column":19},"end":{"line":51,"column":30}},"22":{"start":{"line":52,"column":23},"end":{"line":52,"column":58}},"23":{"start":{"line":53,"column":21},"end":{"line":53,"column":61}},"24":{"start":{"line":55,"column":21},"end":{"line":55,"column":83}},"25":{"start":{"line":57,"column":4},"end":{"line":60,"column":7}},"26":{"start":{"line":63,"column":13},"end":{"line":71,"column":3}},"27":{"start":{"line":64,"column":18},"end":{"line":64,"column":65}},"28":{"start":{"line":66,"column":4},"end":{"line":70,"column":7}},"29":{"start":{"line":73,"column":13},"end":{"line":81,"column":3}},"30":{"start":{"line":74,"column":20},"end":{"line":74,"column":39}},"31":{"start":{"line":75,"column":19},"end":{"line":75,"column":73}},"32":{"start":{"line":77,"column":4},"end":{"line":80,"column":7}},"33":{"start":{"line":83,"column":13},"end":{"line":92,"column":3}},"34":{"start":{"line":84,"column":20},"end":{"line":84,"column":39}},"35":{"start":{"line":85,"column":24},"end":{"line":85,"column":58}},"36":{"start":{"line":86,"column":19},"end":{"line":86,"column":74}},"37":{"start":{"line":88,"column":4},"end":{"line":91,"column":7}}},"fnMap":{"0":{"name":"(anonymous_1)","decl":{"start":{"line":10,"column":38},"end":{"line":10,"column":43}},"loc":{"start":{"line":10,"column":80},"end":{"line":20,"column":1}}},"1":{"name":"(anonymous_2)","decl":{"start":{"line":22,"column":41},"end":{"line":22,"column":46}},"loc":{"start":{"line":22,"column":83},"end":{"line":31,"column":1}}},"2":{"name":"(anonymous_3)","decl":{"start":{"line":33,"column":41},"end":{"line":33,"column":46}},"loc":{"start":{"line":33,"column":83},"end":{"line":47,"column":1}}},"3":{"name":"(anonymous_4)","decl":{"start":{"line":50,"column":45},"end":{"line":50,"column":50}},"loc":{"start":{"line":50,"column":87},"end":{"line":61,"column":1}}},"4":{"name":"(anonymous_5)","decl":{"start":{"line":63,"column":50},"end":{"line":63,"column":55}},"loc":{"start":{"line":63,"column":88},"end":{"line":71,"column":1}}},"5":{"name":"(anonymous_6)","decl":{"start":{"line":73,"column":42},"end":{"line":73,"column":47}},"loc":{"start":{"line":73,"column":80},"end":{"line":81,"column":1}}},"6":{"name":"(anonymous_7)","decl":{"start":{"line":83,"column":34},"end":{"line":83,"column":39}},"loc":{"start":{"line":83,"column":72},"end":{"line":92,"column":1}}}},"branchMap":{},"s":{"0":5,"1":5,"2":5,"3":5,"4":5,"5":5,"6":5,"7":5,"8":4,"9":1,"10":5,"11":2,"12":2,"13":2,"14":1,"15":5,"16":1,"17":1,"18":1,"19":1,"20":5,"21":3,"22":3,"23":3,"24":2,"25":1,"26":5,"27":1,"28":1,"29":5,"30":1,"31":1,"32":1,"33":5,"34":2,"35":2,"36":1,"37":1},"f":{"0":5,"1":2,"2":1,"3":3,"4":1,"5":1,"6":2},"b":{}}
,"/home/alysseum17/quizProject/src/controllers/errorController.ts": {"path":"/home/alysseum17/quizProject/src/controllers/errorController.ts","statementMap":{"0":{"start":{"line":2,"column":0},"end":{"line":2,"column":44}},"1":{"start":{"line":3,"column":0},"end":{"line":3,"column":31}},"2":{"start":{"line":5,"column":27},"end":{"line":32,"column":1}},"3":{"start":{"line":6,"column":4},"end":{"line":6,"column":43}},"4":{"start":{"line":7,"column":4},"end":{"line":7,"column":39}},"5":{"start":{"line":9,"column":4},"end":{"line":12,"column":5}},"6":{"start":{"line":10,"column":22},"end":{"line":10,"column":54}},"7":{"start":{"line":11,"column":8},"end":{"line":11,"column":91}},"8":{"start":{"line":13,"column":4},"end":{"line":15,"column":5}},"9":{"start":{"line":14,"column":8},"end":{"line":14,"column":73}},"10":{"start":{"line":16,"column":4},"end":{"line":18,"column":5}},"11":{"start":{"line":17,"column":8},"end":{"line":17,"column":71}},"12":{"start":{"line":19,"column":4},"end":{"line":21,"column":5}},"13":{"start":{"line":20,"column":8},"end":{"line":20,"column":80}},"14":{"start":{"line":22,"column":4},"end":{"line":25,"column":5}},"15":{"start":{"line":23,"column":25},"end":{"line":23,"column":66}},"16":{"start":{"line":23,"column":45},"end":{"line":23,"column":54}},"17":{"start":{"line":24,"column":8},"end":{"line":24,"column":67}},"18":{"start":{"line":26,"column":4},"end":{"line":31,"column":7}},"19":{"start":{"line":34,"column":0},"end":{"line":34,"column":34}}},"fnMap":{"0":{"name":"(anonymous_1)","decl":{"start":{"line":5,"column":27},"end":{"line":5,"column":28}},"loc":{"start":{"line":5,"column":91},"end":{"line":32,"column":1}}},"1":{"name":"(anonymous_2)","decl":{"start":{"line":23,"column":40},"end":{"line":23,"column":41}},"loc":{"start":{"line":23,"column":45},"end":{"line":23,"column":54}}}},"branchMap":{"0":{"loc":{"start":{"line":6,"column":21},"end":{"line":6,"column":42}},"type":"binary-expr","locations":[{"start":{"line":6,"column":21},"end":{"line":6,"column":35}},{"start":{"line":6,"column":39},"end":{"line":6,"column":42}}]},"1":{"loc":{"start":{"line":7,"column":17},"end":{"line":7,"column":38}},"type":"binary-expr","locations":[{"start":{"line":7,"column":17},"end":{"line":7,"column":27}},{"start":{"line":7,"column":31},"end":{"line":7,"column":38}}]},"2":{"loc":{"start":{"line":9,"column":4},"end":{"line":12,"column":5}},"type":"if","locations":[{"start":{"line":9,"column":4},"end":{"line":12,"column":5}},{"start":{},"end":{}}]},"3":{"loc":{"start":{"line":10,"column":22},"end":{"line":10,"column":54}},"type":"binary-expr","locations":[{"start":{"line":10,"column":22},"end":{"line":10,"column":43}},{"start":{"line":10,"column":47},"end":{"line":10,"column":54}}]},"4":{"loc":{"start":{"line":13,"column":4},"end":{"line":15,"column":5}},"type":"if","locations":[{"start":{"line":13,"column":4},"end":{"line":15,"column":5}},{"start":{},"end":{}}]},"5":{"loc":{"start":{"line":16,"column":4},"end":{"line":18,"column":5}},"type":"if","locations":[{"start":{"line":16,"column":4},"end":{"line":18,"column":5}},{"start":{},"end":{}}]},"6":{"loc":{"start":{"line":19,"column":4},"end":{"line":21,"column":5}},"type":"if","locations":[{"start":{"line":19,"column":4},"end":{"line":21,"column":5}},{"start":{},"end":{}}]},"7":{"loc":{"start":{"line":22,"column":4},"end":{"line":25,"column":5}},"type":"if","locations":[{"start":{"line":22,"column":4},"end":{"line":25,"column":5}},{"start":{},"end":{}}]},"8":{"loc":{"start":{"line":29,"column":15},"end":{"line":29,"column":77}},"type":"cond-expr","locations":[{"start":{"line":29,"column":56},"end":{"line":29,"column":65}},{"start":{"line":29,"column":68},"end":{"line":29,"column":77}}]},"9":{"loc":{"start":{"line":30,"column":15},"end":{"line":30,"column":71}},"type":"cond-expr","locations":[{"start":{"line":30,"column":56},"end":{"line":30,"column":59}},{"start":{"line":30,"column":62},"end":{"line":30,"column":71}}]}},"s":{"0":5,"1":5,"2":5,"3":37,"4":37,"5":37,"6":1,"7":1,"8":37,"9":0,"10":37,"11":0,"12":37,"13":0,"14":37,"15":4,"16":4,"17":4,"18":37,"19":5},"f":{"0":37,"1":4},"b":{"0":[37,5],"1":[37,5],"2":[1,36],"3":[1,1],"4":[0,37],"5":[0,37],"6":[0,37],"7":[4,33],"8":[0,37],"9":[0,37]}}
,"/home/alysseum17/quizProject/src/controllers/handlerFactory.ts": {"path":"/home/alysseum17/quizProject/src/controllers/handlerFactory.ts","statementMap":{"0":{"start":{"line":2,"column":0},"end":{"line":2,"column":48}},"1":{"start":{"line":3,"column":0},"end":{"line":3,"column":44}},"2":{"start":{"line":6,"column":23},"end":{"line":9,"column":2}},"3":{"start":{"line":6,"column":38},"end":{"line":9,"column":2}},"4":{"start":{"line":7,"column":18},"end":{"line":7,"column":40}},"5":{"start":{"line":8,"column":4},"end":{"line":8,"column":34}},"6":{"start":{"line":6,"column":13},"end":{"line":6,"column":23}},"7":{"start":{"line":12,"column":23},"end":{"line":21,"column":2}},"8":{"start":{"line":12,"column":38},"end":{"line":21,"column":2}},"9":{"start":{"line":13,"column":19},"end":{"line":13,"column":29}},"10":{"start":{"line":14,"column":17},"end":{"line":16,"column":6}},"11":{"start":{"line":17,"column":4},"end":{"line":19,"column":5}},"12":{"start":{"line":18,"column":8},"end":{"line":18,"column":69}},"13":{"start":{"line":20,"column":4},"end":{"line":20,"column":35}},"14":{"start":{"line":12,"column":13},"end":{"line":12,"column":23}},"15":{"start":{"line":23,"column":26},"end":{"line":34,"column":2}},"16":{"start":{"line":23,"column":53},"end":{"line":34,"column":2}},"17":{"start":{"line":24,"column":15},"end":{"line":24,"column":23}},"18":{"start":{"line":25,"column":18},"end":{"line":25,"column":34}},"19":{"start":{"line":26,"column":4},"end":{"line":28,"column":5}},"20":{"start":{"line":27,"column":9},"end":{"line":27,"column":50}},"21":{"start":{"line":29,"column":23},"end":{"line":29,"column":41}},"22":{"start":{"line":30,"column":20},"end":{"line":32,"column":6}},"23":{"start":{"line":33,"column":4},"end":{"line":33,"column":38}},"24":{"start":{"line":23,"column":13},"end":{"line":23,"column":26}},"25":{"start":{"line":36,"column":26},"end":{"line":42,"column":2}},"26":{"start":{"line":36,"column":41},"end":{"line":42,"column":2}},"27":{"start":{"line":37,"column":19},"end":{"line":37,"column":29}},"28":{"start":{"line":38,"column":4},"end":{"line":40,"column":7}},"29":{"start":{"line":41,"column":4},"end":{"line":41,"column":54}},"30":{"start":{"line":36,"column":13},"end":{"line":36,"column":26}},"31":{"start":{"line":44,"column":26},"end":{"line":52,"column":2}},"32":{"start":{"line":44,"column":53},"end":{"line":52,"column":2}},"33":{"start":{"line":45,"column":19},"end":{"line":45,"column":29}},"34":{"start":{"line":46,"column":17},"end":{"line":46,"column":39}},"35":{"start":{"line":47,"column":24},"end":{"line":50,"column":6}},"36":{"start":{"line":51,"column":4},"end":{"line":51,"column":42}},"37":{"start":{"line":44,"column":13},"end":{"line":44,"column":26}},"38":{"start":{"line":54,"column":27},"end":{"line":61,"column":2}},"39":{"start":{"line":54,"column":42},"end":{"line":61,"column":2}},"40":{"start":{"line":55,"column":19},"end":{"line":55,"column":29}},"41":{"start":{"line":56,"column":4},"end":{"line":59,"column":7}},"42":{"start":{"line":60,"column":4},"end":{"line":60,"column":59}},"43":{"start":{"line":54,"column":13},"end":{"line":54,"column":27}}},"fnMap":{"0":{"name":"(anonymous_1)","decl":{"start":{"line":6,"column":23},"end":{"line":6,"column":24}},"loc":{"start":{"line":6,"column":38},"end":{"line":9,"column":2}}},"1":{"name":"(anonymous_2)","decl":{"start":{"line":6,"column":49},"end":{"line":6,"column":54}},"loc":{"start":{"line":6,"column":86},"end":{"line":9,"column":1}}},"2":{"name":"(anonymous_3)","decl":{"start":{"line":12,"column":23},"end":{"line":12,"column":24}},"loc":{"start":{"line":12,"column":38},"end":{"line":21,"column":2}}},"3":{"name":"(anonymous_4)","decl":{"start":{"line":12,"column":49},"end":{"line":12,"column":54}},"loc":{"start":{"line":12,"column":105},"end":{"line":21,"column":1}}},"4":{"name":"(anonymous_5)","decl":{"start":{"line":23,"column":26},"end":{"line":23,"column":27}},"loc":{"start":{"line":23,"column":53},"end":{"line":34,"column":2}}},"5":{"name":"(anonymous_6)","decl":{"start":{"line":23,"column":64},"end":{"line":23,"column":69}},"loc":{"start":{"line":23,"column":100},"end":{"line":34,"column":1}}},"6":{"name":"(anonymous_7)","decl":{"start":{"line":36,"column":26},"end":{"line":36,"column":27}},"loc":{"start":{"line":36,"column":41},"end":{"line":42,"column":2}}},"7":{"name":"(anonymous_8)","decl":{"start":{"line":36,"column":52},"end":{"line":36,"column":57}},"loc":{"start":{"line":36,"column":88},"end":{"line":42,"column":1}}},"8":{"name":"(anonymous_9)","decl":{"start":{"line":44,"column":26},"end":{"line":44,"column":27}},"loc":{"start":{"line":44,"column":53},"end":{"line":52,"column":2}}},"9":{"name":"(anonymous_10)","decl":{"start":{"line":44,"column":64},"end":{"line":44,"column":69}},"loc":{"start":{"line":44,"column":100},"end":{"line":52,"column":1}}},"10":{"name":"(anonymous_11)","decl":{"start":{"line":54,"column":27},"end":{"line":54,"column":28}},"loc":{"start":{"line":54,"column":42},"end":{"line":61,"column":2}}},"11":{"name":"(anonymous_12)","decl":{"start":{"line":54,"column":53},"end":{"line":54,"column":58}},"loc":{"start":{"line":54,"column":89},"end":{"line":61,"column":1}}}},"branchMap":{"0":{"loc":{"start":{"line":17,"column":4},"end":{"line":19,"column":5}},"type":"if","locations":[{"start":{"line":17,"column":4},"end":{"line":19,"column":5}},{"start":{},"end":{}}]},"1":{"loc":{"start":{"line":26,"column":4},"end":{"line":28,"column":5}},"type":"if","locations":[{"start":{"line":26,"column":4},"end":{"line":28,"column":5}},{"start":{},"end":{}}]}},"s":{"0":5,"1":5,"2":5,"3":5,"4":0,"5":0,"6":5,"7":5,"8":5,"9":0,"10":0,"11":0,"12":0,"13":0,"14":5,"15":5,"16":5,"17":1,"18":1,"19":1,"20":1,"21":1,"22":1,"23":1,"24":5,"25":5,"26":0,"27":0,"28":0,"29":0,"30":5,"31":5,"32":0,"33":0,"34":0,"35":0,"36":0,"37":5,"38":5,"39":0,"40":0,"41":0,"42":0,"43":5},"f":{"0":5,"1":0,"2":5,"3":0,"4":5,"5":1,"6":0,"7":0,"8":0,"9":0,"10":0,"11":0},"b":{"0":[0,0],"1":[1,0]}}
,"/home/alysseum17/quizProject/src/controllers/questionController.ts": {"path":"/home/alysseum17/quizProject/src/controllers/questionController.ts","statementMap":{"0":{"start":{"line":2,"column":0},"end":{"line":2,"column":48}},"1":{"start":{"line":3,"column":0},"end":{"line":3,"column":61}},"2":{"start":{"line":4,"column":0},"end":{"line":4,"column":65}},"3":{"start":{"line":5,"column":0},"end":{"line":5,"column":57}},"4":{"start":{"line":8,"column":24},"end":{"line":8,"column":45}},"5":{"start":{"line":10,"column":13},"end":{"line":20,"column":2}},"6":{"start":{"line":12,"column":19},"end":{"line":12,"column":30}},"7":{"start":{"line":13,"column":23},"end":{"line":13,"column":70}},"8":{"start":{"line":15,"column":17},"end":{"line":15,"column":69}},"9":{"start":{"line":16,"column":21},"end":{"line":16,"column":79}},"10":{"start":{"line":18,"column":4},"end":{"line":18,"column":58}},"11":{"start":{"line":22,"column":13},"end":{"line":35,"column":2}},"12":{"start":{"line":24,"column":19},"end":{"line":24,"column":30}},"13":{"start":{"line":25,"column":27},"end":{"line":25,"column":82}},"14":{"start":{"line":27,"column":17},"end":{"line":27,"column":69}},"15":{"start":{"line":28,"column":21},"end":{"line":31,"column":null}},"16":{"start":{"line":33,"column":4},"end":{"line":33,"column":58}},"17":{"start":{"line":37,"column":13},"end":{"line":46,"column":2}},"18":{"start":{"line":39,"column":19},"end":{"line":39,"column":30}},"19":{"start":{"line":40,"column":27},"end":{"line":40,"column":82}},"20":{"start":{"line":42,"column":4},"end":{"line":42,"column":61}},"21":{"start":{"line":44,"column":4},"end":{"line":44,"column":60}},"22":{"start":{"line":49,"column":13},"end":{"line":65,"column":3}},"23":{"start":{"line":50,"column":17},"end":{"line":50,"column":28}},"24":{"start":{"line":51,"column":25},"end":{"line":51,"column":80}},"25":{"start":{"line":53,"column":38},"end":{"line":53,"column":82}},"26":{"start":{"line":55,"column":2},"end":{"line":57,"column":3}},"27":{"start":{"line":56,"column":4},"end":{"line":56,"column":88}},"28":{"start":{"line":59,"column":20},"end":{"line":62,"column":4}},"29":{"start":{"line":64,"column":2},"end":{"line":64,"column":75}},"30":{"start":{"line":67,"column":13},"end":{"line":78,"column":3}},"31":{"start":{"line":68,"column":17},"end":{"line":68,"column":28}},"32":{"start":{"line":69,"column":23},"end":{"line":69,"column":82}},"33":{"start":{"line":70,"column":38},"end":{"line":70,"column":82}},"34":{"start":{"line":72,"column":24},"end":{"line":75,"column":4}},"35":{"start":{"line":77,"column":2},"end":{"line":77,"column":79}},"36":{"start":{"line":80,"column":13},"end":{"line":87,"column":3}},"37":{"start":{"line":81,"column":17},"end":{"line":81,"column":28}},"38":{"start":{"line":82,"column":19},"end":{"line":82,"column":46}},"39":{"start":{"line":84,"column":2},"end":{"line":84,"column":61}},"40":{"start":{"line":86,"column":2},"end":{"line":86,"column":58}},"41":{"start":{"line":90,"column":13},"end":{"line":98,"column":2}},"42":{"start":{"line":92,"column":17},"end":{"line":92,"column":42}},"43":{"start":{"line":94,"column":18},"end":{"line":94,"column":62}},"44":{"start":{"line":96,"column":4},"end":{"line":96,"column":55}}},"fnMap":{"0":{"name":"(anonymous_10)","decl":{"start":{"line":11,"column":2},"end":{"line":11,"column":7}},"loc":{"start":{"line":11,"column":44},"end":{"line":19,"column":3}}},"1":{"name":"(anonymous_11)","decl":{"start":{"line":23,"column":2},"end":{"line":23,"column":7}},"loc":{"start":{"line":23,"column":44},"end":{"line":34,"column":3}}},"2":{"name":"(anonymous_12)","decl":{"start":{"line":38,"column":2},"end":{"line":38,"column":7}},"loc":{"start":{"line":38,"column":44},"end":{"line":45,"column":3}}},"3":{"name":"(anonymous_13)","decl":{"start":{"line":49,"column":42},"end":{"line":49,"column":47}},"loc":{"start":{"line":49,"column":84},"end":{"line":65,"column":1}}},"4":{"name":"(anonymous_14)","decl":{"start":{"line":67,"column":45},"end":{"line":67,"column":50}},"loc":{"start":{"line":67,"column":87},"end":{"line":78,"column":1}}},"5":{"name":"(anonymous_15)","decl":{"start":{"line":80,"column":45},"end":{"line":80,"column":50}},"loc":{"start":{"line":80,"column":87},"end":{"line":87,"column":1}}},"6":{"name":"(anonymous_16)","decl":{"start":{"line":91,"column":2},"end":{"line":91,"column":7}},"loc":{"start":{"line":91,"column":40},"end":{"line":97,"column":3}}}},"branchMap":{"0":{"loc":{"start":{"line":55,"column":2},"end":{"line":57,"column":3}},"type":"if","locations":[{"start":{"line":55,"column":2},"end":{"line":57,"column":3}},{"start":{},"end":{}}]},"1":{"loc":{"start":{"line":61,"column":16},"end":{"line":61,"column":35}},"type":"binary-expr","locations":[{"start":{"line":61,"column":16},"end":{"line":61,"column":26}},{"start":{"line":61,"column":30},"end":{"line":61,"column":35}}]}},"s":{"0":5,"1":5,"2":5,"3":5,"4":5,"5":5,"6":1,"7":1,"8":1,"9":1,"10":1,"11":5,"12":1,"13":1,"14":1,"15":1,"16":1,"17":5,"18":2,"19":2,"20":2,"21":1,"22":5,"23":2,"24":2,"25":2,"26":1,"27":0,"28":1,"29":1,"30":5,"31":3,"32":3,"33":3,"34":3,"35":1,"36":5,"37":2,"38":2,"39":2,"40":1,"41":5,"42":1,"43":1,"44":1},"f":{"0":1,"1":1,"2":2,"3":2,"4":3,"5":2,"6":1},"b":{"0":[0,1],"1":[1,1]}}
,"/home/alysseum17/quizProject/src/controllers/quizController.ts": {"path":"/home/alysseum17/quizProject/src/controllers/quizController.ts","statementMap":{"0":{"start":{"line":2,"column":0},"end":{"line":2,"column":37}},"1":{"start":{"line":3,"column":0},"end":{"line":3,"column":54}},"2":{"start":{"line":4,"column":0},"end":{"line":4,"column":57}},"3":{"start":{"line":5,"column":0},"end":{"line":5,"column":48}},"4":{"start":{"line":6,"column":0},"end":{"line":6,"column":53}},"5":{"start":{"line":7,"column":0},"end":{"line":7,"column":44}},"6":{"start":{"line":10,"column":14},"end":{"line":10,"column":25}},"7":{"start":{"line":11,"column":20},"end":{"line":11,"column":37}},"8":{"start":{"line":12,"column":13},"end":{"line":12,"column":55}},"9":{"start":{"line":14,"column":13},"end":{"line":14,"column":57}},"10":{"start":{"line":16,"column":13},"end":{"line":21,"column":3}},"11":{"start":{"line":17,"column":17},"end":{"line":17,"column":66}},"12":{"start":{"line":18,"column":21},"end":{"line":18,"column":25}},"13":{"start":{"line":19,"column":20},"end":{"line":19,"column":58}},"14":{"start":{"line":20,"column":4},"end":{"line":20,"column":57}},"15":{"start":{"line":22,"column":13},"end":{"line":22,"column":88}},"16":{"start":{"line":24,"column":13},"end":{"line":30,"column":3}},"17":{"start":{"line":25,"column":19},"end":{"line":25,"column":29}},"18":{"start":{"line":26,"column":17},"end":{"line":26,"column":61}},"19":{"start":{"line":27,"column":19},"end":{"line":27,"column":30}},"20":{"start":{"line":28,"column":17},"end":{"line":28,"column":64}},"21":{"start":{"line":29,"column":4},"end":{"line":29,"column":53}},"22":{"start":{"line":32,"column":13},"end":{"line":41,"column":3}},"23":{"start":{"line":33,"column":19},"end":{"line":33,"column":29}},"24":{"start":{"line":34,"column":19},"end":{"line":34,"column":30}},"25":{"start":{"line":35,"column":17},"end":{"line":35,"column":62}},"26":{"start":{"line":36,"column":4},"end":{"line":40,"column":null}},"27":{"start":{"line":42,"column":13},"end":{"line":46,"column":3}},"28":{"start":{"line":43,"column":17},"end":{"line":43,"column":61}},"29":{"start":{"line":44,"column":32},"end":{"line":44,"column":77}},"30":{"start":{"line":45,"column":4},"end":{"line":45,"column":67}},"31":{"start":{"line":50,"column":13},"end":{"line":55,"column":3}},"32":{"start":{"line":51,"column":21},"end":{"line":51,"column":32}},"33":{"start":{"line":52,"column":21},"end":{"line":52,"column":66}},"34":{"start":{"line":53,"column":20},"end":{"line":53,"column":75}},"35":{"start":{"line":54,"column":4},"end":{"line":54,"column":63}},"36":{"start":{"line":57,"column":13},"end":{"line":63,"column":3}},"37":{"start":{"line":58,"column":17},"end":{"line":58,"column":64}},"38":{"start":{"line":59,"column":23},"end":{"line":59,"column":27}},"39":{"start":{"line":60,"column":19},"end":{"line":60,"column":30}},"40":{"start":{"line":61,"column":20},"end":{"line":61,"column":70}},"41":{"start":{"line":62,"column":4},"end":{"line":62,"column":57}},"42":{"start":{"line":65,"column":13},"end":{"line":72,"column":3}},"43":{"start":{"line":66,"column":22},"end":{"line":66,"column":76}},"44":{"start":{"line":67,"column":26},"end":{"line":67,"column":35}},"45":{"start":{"line":68,"column":21},"end":{"line":68,"column":72}},"46":{"start":{"line":69,"column":24},"end":{"line":69,"column":32}},"47":{"start":{"line":70,"column":19},"end":{"line":70,"column":74}},"48":{"start":{"line":71,"column":4},"end":{"line":71,"column":56}},"49":{"start":{"line":74,"column":13},"end":{"line":79,"column":3}},"50":{"start":{"line":75,"column":17},"end":{"line":75,"column":71}},"51":{"start":{"line":76,"column":26},"end":{"line":76,"column":30}},"52":{"start":{"line":77,"column":20},"end":{"line":77,"column":63}},"53":{"start":{"line":78,"column":4},"end":{"line":78,"column":57}},"54":{"start":{"line":82,"column":13},"end":{"line":89,"column":3}},"55":{"start":{"line":83,"column":23},"end":{"line":83,"column":70}},"56":{"start":{"line":84,"column":17},"end":{"line":84,"column":67}},"57":{"start":{"line":85,"column":4},"end":{"line":87,"column":5}},"58":{"start":{"line":86,"column":8},"end":{"line":86,"column":57}},"59":{"start":{"line":88,"column":4},"end":{"line":88,"column":35}}},"fnMap":{"0":{"name":"(anonymous_10)","decl":{"start":{"line":16,"column":41},"end":{"line":16,"column":46}},"loc":{"start":{"line":16,"column":79},"end":{"line":21,"column":1}}},"1":{"name":"(anonymous_11)","decl":{"start":{"line":24,"column":37},"end":{"line":24,"column":42}},"loc":{"start":{"line":24,"column":79},"end":{"line":30,"column":1}}},"2":{"name":"(anonymous_12)","decl":{"start":{"line":32,"column":41},"end":{"line":32,"column":46}},"loc":{"start":{"line":32,"column":83},"end":{"line":41,"column":1}}},"3":{"name":"(anonymous_13)","decl":{"start":{"line":42,"column":48},"end":{"line":42,"column":53}},"loc":{"start":{"line":42,"column":86},"end":{"line":46,"column":1}}},"4":{"name":"(anonymous_14)","decl":{"start":{"line":50,"column":44},"end":{"line":50,"column":49}},"loc":{"start":{"line":50,"column":86},"end":{"line":55,"column":1}}},"5":{"name":"(anonymous_15)","decl":{"start":{"line":57,"column":43},"end":{"line":57,"column":48}},"loc":{"start":{"line":57,"column":85},"end":{"line":63,"column":1}}},"6":{"name":"(anonymous_16)","decl":{"start":{"line":65,"column":44},"end":{"line":65,"column":49}},"loc":{"start":{"line":65,"column":86},"end":{"line":72,"column":1}}},"7":{"name":"(anonymous_17)","decl":{"start":{"line":74,"column":41},"end":{"line":74,"column":46}},"loc":{"start":{"line":74,"column":79},"end":{"line":79,"column":1}}},"8":{"name":"(anonymous_18)","decl":{"start":{"line":82,"column":51},"end":{"line":82,"column":56}},"loc":{"start":{"line":82,"column":109},"end":{"line":89,"column":1}}}},"branchMap":{"0":{"loc":{"start":{"line":85,"column":4},"end":{"line":87,"column":5}},"type":"if","locations":[{"start":{"line":85,"column":4},"end":{"line":87,"column":5}},{"start":{},"end":{}}]}},"s":{"0":5,"1":5,"2":5,"3":5,"4":5,"5":5,"6":5,"7":5,"8":5,"9":5,"10":5,"11":0,"12":0,"13":0,"14":0,"15":5,"16":5,"17":3,"18":3,"19":3,"20":3,"21":1,"22":5,"23":3,"24":3,"25":3,"26":1,"27":5,"28":5,"29":5,"30":5,"31":5,"32":1,"33":1,"34":1,"35":1,"36":5,"37":7,"38":7,"39":7,"40":7,"41":4,"42":5,"43":3,"44":3,"45":3,"46":3,"47":3,"48":1,"49":5,"50":2,"51":2,"52":2,"53":1,"54":5,"55":2,"56":2,"57":2,"58":1,"59":1},"f":{"0":0,"1":3,"2":3,"3":5,"4":1,"5":7,"6":3,"7":2,"8":2},"b":{"0":[1,1]}}
,"/home/alysseum17/quizProject/src/controllers/reviewController.ts": {"path":"/home/alysseum17/quizProject/src/controllers/reviewController.ts","statementMap":{"0":{"start":{"line":2,"column":0},"end":{"line":2,"column":48}},"1":{"start":{"line":3,"column":0},"end":{"line":3,"column":57}},"2":{"start":{"line":4,"column":0},"end":{"line":4,"column":61}},"3":{"start":{"line":5,"column":0},"end":{"line":5,"column":57}},"4":{"start":{"line":8,"column":22},"end":{"line":8,"column":41}},"5":{"start":{"line":10,"column":13},"end":{"line":20,"column":3}},"6":{"start":{"line":11,"column":17},"end":{"line":11,"column":28}},"7":{"start":{"line":12,"column":17},"end":{"line":12,"column":42}},"8":{"start":{"line":13,"column":15},"end":{"line":13,"column":63}},"9":{"start":{"line":14,"column":20},"end":{"line":14,"column":74}},"10":{"start":{"line":16,"column":2},"end":{"line":19,"column":5}},"11":{"start":{"line":22,"column":13},"end":{"line":33,"column":2}},"12":{"start":{"line":24,"column":19},"end":{"line":24,"column":44}},"13":{"start":{"line":25,"column":18},"end":{"line":25,"column":70}},"14":{"start":{"line":26,"column":32},"end":{"line":26,"column":81}},"15":{"start":{"line":28,"column":4},"end":{"line":31,"column":7}},"16":{"start":{"line":35,"column":13},"end":{"line":45,"column":3}},"17":{"start":{"line":36,"column":17},"end":{"line":36,"column":28}},"18":{"start":{"line":37,"column":19},"end":{"line":37,"column":40}},"19":{"start":{"line":39,"column":2},"end":{"line":39,"column":53}},"20":{"start":{"line":41,"column":2},"end":{"line":44,"column":5}},"21":{"start":{"line":47,"column":13},"end":{"line":63,"column":3}},"22":{"start":{"line":48,"column":17},"end":{"line":48,"column":28}},"23":{"start":{"line":49,"column":19},"end":{"line":49,"column":40}},"24":{"start":{"line":51,"column":15},"end":{"line":51,"column":63}},"25":{"start":{"line":53,"column":24},"end":{"line":56,"column":null}},"26":{"start":{"line":59,"column":2},"end":{"line":62,"column":5}},"27":{"start":{"line":65,"column":13},"end":{"line":76,"column":2}},"28":{"start":{"line":67,"column":21},"end":{"line":67,"column":68}},"29":{"start":{"line":68,"column":22},"end":{"line":68,"column":68}},"30":{"start":{"line":70,"column":4},"end":{"line":74,"column":7}}},"fnMap":{"0":{"name":"(anonymous_10)","decl":{"start":{"line":10,"column":39},"end":{"line":10,"column":44}},"loc":{"start":{"line":10,"column":81},"end":{"line":20,"column":1}}},"1":{"name":"(anonymous_11)","decl":{"start":{"line":23,"column":2},"end":{"line":23,"column":7}},"loc":{"start":{"line":23,"column":40},"end":{"line":32,"column":3}}},"2":{"name":"(anonymous_12)","decl":{"start":{"line":35,"column":39},"end":{"line":35,"column":44}},"loc":{"start":{"line":35,"column":81},"end":{"line":45,"column":1}}},"3":{"name":"(anonymous_13)","decl":{"start":{"line":47,"column":39},"end":{"line":47,"column":44}},"loc":{"start":{"line":47,"column":81},"end":{"line":63,"column":1}}},"4":{"name":"(anonymous_14)","decl":{"start":{"line":66,"column":2},"end":{"line":66,"column":7}},"loc":{"start":{"line":66,"column":40},"end":{"line":75,"column":3}}}},"branchMap":{},"s":{"0":5,"1":5,"2":5,"3":5,"4":5,"5":5,"6":2,"7":2,"8":2,"9":2,"10":1,"11":5,"12":1,"13":1,"14":1,"15":1,"16":5,"17":2,"18":2,"19":2,"20":1,"21":5,"22":2,"23":2,"24":2,"25":2,"26":1,"27":5,"28":1,"29":1,"30":1},"f":{"0":2,"1":1,"2":2,"3":2,"4":1},"b":{}}
,"/home/alysseum17/quizProject/src/controllers/userController.ts": {"path":"/home/alysseum17/quizProject/src/controllers/userController.ts","statementMap":{"0":{"start":{"line":2,"column":0},"end":{"line":2,"column":57}},"1":{"start":{"line":3,"column":0},"end":{"line":3,"column":48}},"2":{"start":{"line":4,"column":0},"end":{"line":4,"column":53}},"3":{"start":{"line":5,"column":0},"end":{"line":5,"column":44}},"4":{"start":{"line":9,"column":20},"end":{"line":9,"column":37}},"5":{"start":{"line":11,"column":13},"end":{"line":17,"column":3}},"6":{"start":{"line":12,"column":17},"end":{"line":12,"column":68}},"7":{"start":{"line":13,"column":22},"end":{"line":13,"column":26}},"8":{"start":{"line":14,"column":4},"end":{"line":14,"column":78}},"9":{"start":{"line":14,"column":16},"end":{"line":14,"column":78}},"10":{"start":{"line":15,"column":17},"end":{"line":15,"column":57}},"11":{"start":{"line":16,"column":4},"end":{"line":16,"column":54}},"12":{"start":{"line":19,"column":13},"end":{"line":26,"column":3}},"13":{"start":{"line":20,"column":17},"end":{"line":20,"column":68}},"14":{"start":{"line":21,"column":18},"end":{"line":21,"column":62}},"15":{"start":{"line":22,"column":21},"end":{"line":22,"column":25}},"16":{"start":{"line":23,"column":28},"end":{"line":23,"column":33}},"17":{"start":{"line":24,"column":33},"end":{"line":24,"column":85}},"18":{"start":{"line":25,"column":4},"end":{"line":25,"column":67}},"19":{"start":{"line":28,"column":13},"end":{"line":36,"column":3}},"20":{"start":{"line":29,"column":17},"end":{"line":29,"column":65}},"21":{"start":{"line":30,"column":23},"end":{"line":30,"column":27}},"22":{"start":{"line":31,"column":17},"end":{"line":31,"column":61}},"23":{"start":{"line":32,"column":4},"end":{"line":34,"column":5}},"24":{"start":{"line":33,"column":8},"end":{"line":33,"column":57}},"25":{"start":{"line":35,"column":4},"end":{"line":35,"column":54}},"26":{"start":{"line":38,"column":13},"end":{"line":45,"column":3}},"27":{"start":{"line":39,"column":17},"end":{"line":39,"column":65}},"28":{"start":{"line":40,"column":18},"end":{"line":40,"column":62}},"29":{"start":{"line":41,"column":28},"end":{"line":41,"column":33}},"30":{"start":{"line":42,"column":23},"end":{"line":42,"column":27}},"31":{"start":{"line":43,"column":34},"end":{"line":43,"column":86}},"32":{"start":{"line":44,"column":4},"end":{"line":44,"column":67}},"33":{"start":{"line":47,"column":13},"end":{"line":54,"column":3}},"34":{"start":{"line":48,"column":19},"end":{"line":48,"column":30}},"35":{"start":{"line":49,"column":17},"end":{"line":49,"column":61}},"36":{"start":{"line":50,"column":4},"end":{"line":52,"column":5}},"37":{"start":{"line":51,"column":8},"end":{"line":51,"column":57}},"38":{"start":{"line":53,"column":4},"end":{"line":53,"column":54}},"39":{"start":{"line":56,"column":13},"end":{"line":61,"column":3}},"40":{"start":{"line":57,"column":18},"end":{"line":57,"column":62}},"41":{"start":{"line":58,"column":28},"end":{"line":58,"column":33}},"42":{"start":{"line":59,"column":34},"end":{"line":59,"column":88}},"43":{"start":{"line":60,"column":4},"end":{"line":60,"column":67}},"44":{"start":{"line":63,"column":13},"end":{"line":68,"column":3}},"45":{"start":{"line":64,"column":18},"end":{"line":64,"column":62}},"46":{"start":{"line":65,"column":28},"end":{"line":65,"column":33}},"47":{"start":{"line":66,"column":34},"end":{"line":66,"column":93}},"48":{"start":{"line":67,"column":4},"end":{"line":67,"column":67}},"49":{"start":{"line":70,"column":13},"end":{"line":75,"column":3}},"50":{"start":{"line":71,"column":18},"end":{"line":71,"column":62}},"51":{"start":{"line":72,"column":28},"end":{"line":72,"column":33}},"52":{"start":{"line":73,"column":34},"end":{"line":73,"column":91}},"53":{"start":{"line":74,"column":4},"end":{"line":74,"column":67}},"54":{"start":{"line":77,"column":13},"end":{"line":82,"column":3}},"55":{"start":{"line":78,"column":18},"end":{"line":78,"column":62}},"56":{"start":{"line":79,"column":28},"end":{"line":79,"column":33}},"57":{"start":{"line":80,"column":34},"end":{"line":80,"column":98}},"58":{"start":{"line":81,"column":4},"end":{"line":81,"column":67}},"59":{"start":{"line":84,"column":13},"end":{"line":89,"column":3}},"60":{"start":{"line":85,"column":19},"end":{"line":85,"column":30}},"61":{"start":{"line":86,"column":17},"end":{"line":86,"column":61}},"62":{"start":{"line":87,"column":24},"end":{"line":87,"column":70}},"63":{"start":{"line":88,"column":4},"end":{"line":88,"column":67}},"64":{"start":{"line":91,"column":13},"end":{"line":96,"column":3}},"65":{"start":{"line":92,"column":18},"end":{"line":92,"column":62}},"66":{"start":{"line":93,"column":28},"end":{"line":93,"column":33}},"67":{"start":{"line":94,"column":34},"end":{"line":94,"column":83}},"68":{"start":{"line":95,"column":4},"end":{"line":95,"column":67}},"69":{"start":{"line":97,"column":13},"end":{"line":102,"column":3}},"70":{"start":{"line":98,"column":18},"end":{"line":98,"column":62}},"71":{"start":{"line":99,"column":28},"end":{"line":99,"column":33}},"72":{"start":{"line":100,"column":34},"end":{"line":100,"column":88}},"73":{"start":{"line":101,"column":4},"end":{"line":101,"column":67}},"74":{"start":{"line":104,"column":13},"end":{"line":113,"column":3}},"75":{"start":{"line":105,"column":17},"end":{"line":105,"column":64}},"76":{"start":{"line":106,"column":19},"end":{"line":106,"column":30}},"77":{"start":{"line":107,"column":23},"end":{"line":107,"column":27}},"78":{"start":{"line":108,"column":18},"end":{"line":108,"column":68}},"79":{"start":{"line":109,"column":4},"end":{"line":111,"column":5}},"80":{"start":{"line":110,"column":8},"end":{"line":110,"column":80}},"81":{"start":{"line":112,"column":4},"end":{"line":112,"column":55}},"82":{"start":{"line":115,"column":13},"end":{"line":120,"column":null}},"83":{"start":{"line":116,"column":19},"end":{"line":116,"column":30}},"84":{"start":{"line":117,"column":26},"end":{"line":117,"column":70}},"85":{"start":{"line":118,"column":34},"end":{"line":118,"column":94}},"86":{"start":{"line":119,"column":4},"end":{"line":119,"column":67}}},"fnMap":{"0":{"name":"(anonymous_10)","decl":{"start":{"line":11,"column":42},"end":{"line":11,"column":47}},"loc":{"start":{"line":11,"column":100},"end":{"line":17,"column":1}}},"1":{"name":"(anonymous_11)","decl":{"start":{"line":19,"column":42},"end":{"line":19,"column":47}},"loc":{"start":{"line":19,"column":100},"end":{"line":26,"column":1}}},"2":{"name":"(anonymous_12)","decl":{"start":{"line":28,"column":45},"end":{"line":28,"column":50}},"loc":{"start":{"line":28,"column":103},"end":{"line":36,"column":1}}},"3":{"name":"(anonymous_13)","decl":{"start":{"line":38,"column":40},"end":{"line":38,"column":45}},"loc":{"start":{"line":38,"column":82},"end":{"line":45,"column":1}}},"4":{"name":"(anonymous_14)","decl":{"start":{"line":47,"column":41},"end":{"line":47,"column":46}},"loc":{"start":{"line":47,"column":103},"end":{"line":54,"column":1}}},"5":{"name":"(anonymous_15)","decl":{"start":{"line":56,"column":50},"end":{"line":56,"column":55}},"loc":{"start":{"line":56,"column":88},"end":{"line":61,"column":1}}},"6":{"name":"(anonymous_16)","decl":{"start":{"line":63,"column":55},"end":{"line":63,"column":60}},"loc":{"start":{"line":63,"column":93},"end":{"line":68,"column":1}}},"7":{"name":"(anonymous_17)","decl":{"start":{"line":70,"column":53},"end":{"line":70,"column":58}},"loc":{"start":{"line":70,"column":91},"end":{"line":75,"column":1}}},"8":{"name":"(anonymous_18)","decl":{"start":{"line":77,"column":60},"end":{"line":77,"column":65}},"loc":{"start":{"line":77,"column":98},"end":{"line":82,"column":1}}},"9":{"name":"(anonymous_19)","decl":{"start":{"line":84,"column":41},"end":{"line":84,"column":46}},"loc":{"start":{"line":84,"column":83},"end":{"line":89,"column":1}}},"10":{"name":"(anonymous_20)","decl":{"start":{"line":91,"column":45},"end":{"line":91,"column":50}},"loc":{"start":{"line":91,"column":83},"end":{"line":96,"column":1}}},"11":{"name":"(anonymous_21)","decl":{"start":{"line":97,"column":49},"end":{"line":97,"column":54}},"loc":{"start":{"line":97,"column":87},"end":{"line":102,"column":1}}},"12":{"name":"(anonymous_22)","decl":{"start":{"line":104,"column":43},"end":{"line":104,"column":48}},"loc":{"start":{"line":104,"column":105},"end":{"line":113,"column":1}}},"13":{"name":"(anonymous_23)","decl":{"start":{"line":115,"column":48},"end":{"line":115,"column":53}},"loc":{"start":{"line":115,"column":90},"end":{"line":120,"column":1}}}},"branchMap":{"0":{"loc":{"start":{"line":14,"column":4},"end":{"line":14,"column":78}},"type":"if","locations":[{"start":{"line":14,"column":4},"end":{"line":14,"column":78}},{"start":{},"end":{}}]},"1":{"loc":{"start":{"line":32,"column":4},"end":{"line":34,"column":5}},"type":"if","locations":[{"start":{"line":32,"column":4},"end":{"line":34,"column":5}},{"start":{},"end":{}}]},"2":{"loc":{"start":{"line":50,"column":4},"end":{"line":52,"column":5}},"type":"if","locations":[{"start":{"line":50,"column":4},"end":{"line":52,"column":5}},{"start":{},"end":{}}]},"3":{"loc":{"start":{"line":109,"column":4},"end":{"line":111,"column":5}},"type":"if","locations":[{"start":{"line":109,"column":4},"end":{"line":111,"column":5}},{"start":{},"end":{}}]}},"s":{"0":5,"1":5,"2":5,"3":5,"4":5,"5":5,"6":2,"7":2,"8":2,"9":0,"10":2,"11":2,"12":5,"13":1,"14":1,"15":1,"16":1,"17":1,"18":1,"19":5,"20":2,"21":2,"22":2,"23":2,"24":1,"25":1,"26":5,"27":1,"28":1,"29":1,"30":1,"31":1,"32":1,"33":5,"34":1,"35":1,"36":1,"37":0,"38":1,"39":5,"40":1,"41":1,"42":1,"43":1,"44":5,"45":1,"46":1,"47":1,"48":1,"49":5,"50":1,"51":1,"52":1,"53":1,"54":5,"55":1,"56":1,"57":1,"58":1,"59":5,"60":2,"61":2,"62":2,"63":1,"64":5,"65":1,"66":1,"67":1,"68":1,"69":5,"70":1,"71":1,"72":1,"73":1,"74":5,"75":2,"76":2,"77":2,"78":2,"79":2,"80":1,"81":1,"82":5,"83":1,"84":1,"85":1,"86":1},"f":{"0":2,"1":1,"2":2,"3":1,"4":1,"5":1,"6":1,"7":1,"8":1,"9":2,"10":1,"11":1,"12":2,"13":1},"b":{"0":[0,2],"1":[1,1],"2":[0,1],"3":[1,1]}}
,"/home/alysseum17/quizProject/src/routers/authRouter.ts": {"path":"/home/alysseum17/quizProject/src/routers/authRouter.ts","statementMap":{"0":{"start":{"line":1,"column":0},"end":{"line":1,"column":30}},"1":{"start":{"line":2,"column":0},"end":{"line":2,"column":67}},"2":{"start":{"line":5,"column":15},"end":{"line":5,"column":31}},"3":{"start":{"line":7,"column":0},"end":{"line":7,"column":46}},"4":{"start":{"line":8,"column":0},"end":{"line":8,"column":44}},"5":{"start":{"line":9,"column":0},"end":{"line":9,"column":46}},"6":{"start":{"line":10,"column":0},"end":{"line":10,"column":63}},"7":{"start":{"line":11,"column":0},"end":{"line":11,"column":68}},"8":{"start":{"line":12,"column":0},"end":{"line":12,"column":87}},"9":{"start":{"line":13,"column":0},"end":{"line":13,"column":91}},"10":{"start":{"line":15,"column":0},"end":{"line":15,"column":22}}},"fnMap":{},"branchMap":{},"s":{"0":5,"1":5,"2":5,"3":5,"4":5,"5":5,"6":5,"7":5,"8":5,"9":5,"10":5},"f":{},"b":{}}
,"/home/alysseum17/quizProject/src/routers/bookmarkRouter.ts": {"path":"/home/alysseum17/quizProject/src/routers/bookmarkRouter.ts","statementMap":{"0":{"start":{"line":1,"column":0},"end":{"line":1,"column":30}},"1":{"start":{"line":2,"column":0},"end":{"line":2,"column":75}},"2":{"start":{"line":3,"column":0},"end":{"line":3,"column":59}},"3":{"start":{"line":5,"column":15},"end":{"line":5,"column":31}},"4":{"start":{"line":7,"column":0},"end":{"line":7,"column":20}},"5":{"start":{"line":8,"column":0},"end":{"line":8,"column":73}},"6":{"start":{"line":9,"column":0},"end":{"line":9,"column":62}},"7":{"start":{"line":10,"column":0},"end":{"line":10,"column":49}},"8":{"start":{"line":11,"column":0},"end":{"line":11,"column":51}},"9":{"start":{"line":12,"column":0},"end":{"line":12,"column":56}},"10":{"start":{"line":13,"column":0},"end":{"line":13,"column":61}},"11":{"start":{"line":14,"column":0},"end":{"line":14,"column":64}},"12":{"start":{"line":16,"column":0},"end":{"line":16,"column":22}}},"fnMap":{},"branchMap":{},"s":{"0":5,"1":5,"2":5,"3":5,"4":5,"5":5,"6":5,"7":5,"8":5,"9":5,"10":5,"11":5,"12":5},"f":{},"b":{}}
,"/home/alysseum17/quizProject/src/routers/questionRouter.ts": {"path":"/home/alysseum17/quizProject/src/routers/questionRouter.ts","statementMap":{"0":{"start":{"line":1,"column":0},"end":{"line":1,"column":30}},"1":{"start":{"line":2,"column":0},"end":{"line":2,"column":75}},"2":{"start":{"line":3,"column":0},"end":{"line":3,"column":59}},"3":{"start":{"line":5,"column":15},"end":{"line":5,"column":52}},"4":{"start":{"line":7,"column":0},"end":{"line":7,"column":20}},"5":{"start":{"line":9,"column":0},"end":{"line":9,"column":58}},"6":{"start":{"line":11,"column":0},"end":{"line":11,"column":52}},"7":{"start":{"line":13,"column":0},"end":{"line":16,"column":45}},"8":{"start":{"line":18,"column":0},"end":{"line":18,"column":72}},"9":{"start":{"line":20,"column":0},"end":{"line":23,"column":49}},"10":{"start":{"line":25,"column":0},"end":{"line":25,"column":22}}},"fnMap":{},"branchMap":{},"s":{"0":5,"1":5,"2":5,"3":5,"4":5,"5":5,"6":5,"7":5,"8":5,"9":5,"10":5},"f":{},"b":{}}
,"/home/alysseum17/quizProject/src/routers/quizRouter.ts": {"path":"/home/alysseum17/quizProject/src/routers/quizRouter.ts","statementMap":{"0":{"start":{"line":1,"column":0},"end":{"line":1,"column":30}},"1":{"start":{"line":2,"column":0},"end":{"line":2,"column":67}},"2":{"start":{"line":3,"column":0},"end":{"line":3,"column":59}},"3":{"start":{"line":4,"column":0},"end":{"line":4,"column":49}},"4":{"start":{"line":6,"column":15},"end":{"line":6,"column":31}},"5":{"start":{"line":8,"column":0},"end":{"line":8,"column":49}},"6":{"start":{"line":10,"column":0},"end":{"line":10,"column":54}},"7":{"start":{"line":11,"column":0},"end":{"line":11,"column":57}},"8":{"start":{"line":12,"column":0},"end":{"line":12,"column":64}},"9":{"start":{"line":13,"column":0},"end":{"line":13,"column":53}},"10":{"start":{"line":14,"column":0},"end":{"line":14,"column":67}},"11":{"start":{"line":15,"column":0},"end":{"line":15,"column":72}},"12":{"start":{"line":16,"column":0},"end":{"line":16,"column":86}},"13":{"start":{"line":17,"column":0},"end":{"line":17,"column":83}},"14":{"start":{"line":18,"column":0},"end":{"line":18,"column":55}},"15":{"start":{"line":19,"column":0},"end":{"line":19,"column":62}},"16":{"start":{"line":22,"column":0},"end":{"line":22,"column":22}}},"fnMap":{},"branchMap":{},"s":{"0":5,"1":5,"2":5,"3":5,"4":5,"5":5,"6":5,"7":5,"8":5,"9":5,"10":5,"11":5,"12":5,"13":5,"14":5,"15":5,"16":5},"f":{},"b":{}}
,"/home/alysseum17/quizProject/src/routers/reviewRouter.ts": {"path":"/home/alysseum17/quizProject/src/routers/reviewRouter.ts","statementMap":{"0":{"start":{"line":1,"column":0},"end":{"line":1,"column":30}},"1":{"start":{"line":2,"column":0},"end":{"line":2,"column":71}},"2":{"start":{"line":3,"column":0},"end":{"line":3,"column":59}},"3":{"start":{"line":5,"column":15},"end":{"line":5,"column":52}},"4":{"start":{"line":7,"column":0},"end":{"line":7,"column":70}},"5":{"start":{"line":9,"column":0},"end":{"line":12,"column":48}},"6":{"start":{"line":14,"column":0},"end":{"line":17,"column":49}},"7":{"start":{"line":19,"column":0},"end":{"line":19,"column":22}}},"fnMap":{},"branchMap":{},"s":{"0":5,"1":5,"2":5,"3":5,"4":5,"5":5,"6":5,"7":5},"f":{},"b":{}}
,"/home/alysseum17/quizProject/src/routers/userRouter.ts": {"path":"/home/alysseum17/quizProject/src/routers/userRouter.ts","statementMap":{"0":{"start":{"line":1,"column":0},"end":{"line":1,"column":30}},"1":{"start":{"line":2,"column":0},"end":{"line":2,"column":67}},"2":{"start":{"line":3,"column":0},"end":{"line":3,"column":57}},"3":{"start":{"line":5,"column":15},"end":{"line":5,"column":31}},"4":{"start":{"line":7,"column":0},"end":{"line":7,"column":58}},"5":{"start":{"line":8,"column":0},"end":{"line":8,"column":74}},"6":{"start":{"line":9,"column":0},"end":{"line":9,"column":76}},"7":{"start":{"line":10,"column":0},"end":{"line":10,"column":60}},"8":{"start":{"line":11,"column":0},"end":{"line":11,"column":58}},"9":{"start":{"line":12,"column":0},"end":{"line":12,"column":71}},"10":{"start":{"line":13,"column":0},"end":{"line":13,"column":86}},"11":{"start":{"line":14,"column":0},"end":{"line":14,"column":82}},"12":{"start":{"line":15,"column":0},"end":{"line":15,"column":98}},"13":{"start":{"line":16,"column":0},"end":{"line":16,"column":71}},"14":{"start":{"line":17,"column":0},"end":{"line":17,"column":81}},"15":{"start":{"line":18,"column":0},"end":{"line":18,"column":58}},"16":{"start":{"line":19,"column":0},"end":{"line":19,"column":60}},"17":{"start":{"line":20,"column":0},"end":{"line":20,"column":69}},"18":{"start":{"line":22,"column":0},"end":{"line":22,"column":22}}},"fnMap":{},"branchMap":{},"s":{"0":5,"1":5,"2":5,"3":5,"4":5,"5":5,"6":5,"7":5,"8":5,"9":5,"10":5,"11":5,"12":5,"13":5,"14":5,"15":5,"16":5,"17":5,"18":5},"f":{},"b":{}}
,"/home/alysseum17/quizProject/src/schemas/auth.schema.ts": {"path":"/home/alysseum17/quizProject/src/schemas/auth.schema.ts","statementMap":{"0":{"start":{"line":1,"column":0},"end":{"line":1,"column":22}},"1":{"start":{"line":3,"column":13},"end":{"line":11,"column":3}},"2":{"start":{"line":8,"column":20},"end":{"line":8,"column":58}},"3":{"start":{"line":13,"column":13},"end":{"line":16,"column":3}},"4":{"start":{"line":18,"column":13},"end":{"line":20,"column":3}},"5":{"start":{"line":21,"column":13},"end":{"line":27,"column":3}},"6":{"start":{"line":24,"column":20},"end":{"line":24,"column":58}},"7":{"start":{"line":29,"column":13},"end":{"line":36,"column":3}},"8":{"start":{"line":33,"column":20},"end":{"line":33,"column":64}}},"fnMap":{"0":{"name":"(anonymous_1)","decl":{"start":{"line":8,"column":10},"end":{"line":8,"column":11}},"loc":{"start":{"line":8,"column":20},"end":{"line":8,"column":58}}},"1":{"name":"(anonymous_2)","decl":{"start":{"line":24,"column":10},"end":{"line":24,"column":11}},"loc":{"start":{"line":24,"column":20},"end":{"line":24,"column":58}}},"2":{"name":"(anonymous_3)","decl":{"start":{"line":33,"column":10},"end":{"line":33,"column":11}},"loc":{"start":{"line":33,"column":20},"end":{"line":33,"column":64}}}},"branchMap":{},"s":{"0":7,"1":7,"2":10,"3":7,"4":7,"5":7,"6":5,"7":7,"8":8},"f":{"0":10,"1":5,"2":8},"b":{}}
,"/home/alysseum17/quizProject/src/schemas/bookmark.schema.ts": {"path":"/home/alysseum17/quizProject/src/schemas/bookmark.schema.ts","statementMap":{"0":{"start":{"line":1,"column":0},"end":{"line":1,"column":22}},"1":{"start":{"line":3,"column":13},"end":{"line":5,"column":3}}},"fnMap":{},"branchMap":{},"s":{"0":6,"1":6},"f":{},"b":{}}
,"/home/alysseum17/quizProject/src/schemas/question.schema.ts": {"path":"/home/alysseum17/quizProject/src/schemas/question.schema.ts","statementMap":{"0":{"start":{"line":1,"column":0},"end":{"line":1,"column":22}},"1":{"start":{"line":3,"column":13},"end":{"line":6,"column":3}},"2":{"start":{"line":8,"column":13},"end":{"line":10,"column":3}},"3":{"start":{"line":12,"column":13},"end":{"line":19,"column":3}},"4":{"start":{"line":21,"column":13},"end":{"line":27,"column":3}},"5":{"start":{"line":29,"column":13},"end":{"line":31,"column":3}}},"fnMap":{},"branchMap":{},"s":{"0":5,"1":5,"2":5,"3":5,"4":5,"5":5},"f":{},"b":{}}
,"/home/alysseum17/quizProject/src/schemas/quiz.schema.ts": {"path":"/home/alysseum17/quizProject/src/schemas/quiz.schema.ts","statementMap":{"0":{"start":{"line":1,"column":0},"end":{"line":1,"column":22}},"1":{"start":{"line":3,"column":13},"end":{"line":10,"column":3}},"2":{"start":{"line":12,"column":13},"end":{"line":18,"column":3}},"3":{"start":{"line":20,"column":13},"end":{"line":34,"column":3}},"4":{"start":{"line":36,"column":13},"end":{"line":39,"column":3}},"5":{"start":{"line":41,"column":13},"end":{"line":46,"column":3}},"6":{"start":{"line":48,"column":13},"end":{"line":57,"column":3}},"7":{"start":{"line":59,"column":13},"end":{"line":61,"column":3}},"8":{"start":{"line":63,"column":13},"end":{"line":65,"column":3}},"9":{"start":{"line":67,"column":13},"end":{"line":69,"column":3}},"10":{"start":{"line":71,"column":13},"end":{"line":83,"column":3}},"11":{"start":{"line":85,"column":13},"end":{"line":87,"column":3}}},"fnMap":{},"branchMap":{},"s":{"0":6,"1":6,"2":6,"3":6,"4":6,"5":6,"6":6,"7":6,"8":6,"9":6,"10":6,"11":6},"f":{},"b":{}}
,"/home/alysseum17/quizProject/src/schemas/review.schema.ts": {"path":"/home/alysseum17/quizProject/src/schemas/review.schema.ts","statementMap":{"0":{"start":{"line":1,"column":0},"end":{"line":1,"column":22}},"1":{"start":{"line":3,"column":13},"end":{"line":9,"column":3}},"2":{"start":{"line":11,"column":13},"end":{"line":14,"column":3}},"3":{"start":{"line":16,"column":13},"end":{"line":21,"column":3}}},"fnMap":{},"branchMap":{},"s":{"0":6,"1":6,"2":6,"3":6},"f":{},"b":{}}
,"/home/alysseum17/quizProject/src/schemas/user.schema.ts": {"path":"/home/alysseum17/quizProject/src/schemas/user.schema.ts","statementMap":{"0":{"start":{"line":1,"column":0},"end":{"line":1,"column":22}},"1":{"start":{"line":3,"column":13},"end":{"line":5,"column":3}},"2":{"start":{"line":7,"column":13},"end":{"line":9,"column":3}},"3":{"start":{"line":11,"column":13},"end":{"line":14,"column":3}},"4":{"start":{"line":16,"column":13},"end":{"line":19,"column":3}},"5":{"start":{"line":21,"column":13},"end":{"line":23,"column":3}},"6":{"start":{"line":25,"column":13},"end":{"line":27,"column":3}}},"fnMap":{},"branchMap":{},"s":{"0":6,"1":6,"2":6,"3":6,"4":6,"5":6,"6":6},"f":{},"b":{}}
,"/home/alysseum17/quizProject/src/services/authService.ts": {"path":"/home/alysseum17/quizProject/src/services/authService.ts","statementMap":{"0":{"start":{"line":1,"column":0},"end":{"line":1,"column":56}},"1":{"start":{"line":2,"column":0},"end":{"line":2,"column":28}},"2":{"start":{"line":3,"column":0},"end":{"line":3,"column":42}},"3":{"start":{"line":4,"column":0},"end":{"line":4,"column":44}},"4":{"start":{"line":5,"column":0},"end":{"line":5,"column":28}},"5":{"start":{"line":6,"column":0},"end":{"line":6,"column":38}},"6":{"start":{"line":25,"column":16},"end":{"line":35,"column":5}},"7":{"start":{"line":26,"column":24},"end":{"line":26,"column":38}},"8":{"start":{"line":27,"column":31},"end":{"line":27,"column":63}},"9":{"start":{"line":28,"column":8},"end":{"line":30,"column":9}},"10":{"start":{"line":29,"column":12},"end":{"line":29,"column":65}},"11":{"start":{"line":31,"column":37},"end":{"line":33,"column":10}},"12":{"start":{"line":34,"column":8},"end":{"line":34,"column":50}},"13":{"start":{"line":37,"column":8},"end":{"line":37,"column":47}},"14":{"start":{"line":40,"column":8},"end":{"line":40,"column":63}},"15":{"start":{"line":43,"column":27},"end":{"line":43,"column":65}},"16":{"start":{"line":44,"column":39},"end":{"line":44,"column":120}},"17":{"start":{"line":45,"column":8},"end":{"line":45,"column":55}},"18":{"start":{"line":48,"column":31},"end":{"line":48,"column":63}},"19":{"start":{"line":49,"column":30},"end":{"line":49,"column":55}},"20":{"start":{"line":50,"column":28},"end":{"line":59,"column":10}},"21":{"start":{"line":60,"column":8},"end":{"line":62,"column":9}},"22":{"start":{"line":61,"column":12},"end":{"line":61,"column":90}},"23":{"start":{"line":63,"column":8},"end":{"line":68,"column":13}},"24":{"start":{"line":64,"column":41},"end":{"line":64,"column":111}},"25":{"start":{"line":65,"column":16},"end":{"line":67,"column":17}},"26":{"start":{"line":66,"column":20},"end":{"line":66,"column":100}},"27":{"start":{"line":69,"column":8},"end":{"line":69,"column":27}},"28":{"start":{"line":72,"column":46},"end":{"line":72,"column":54}},"29":{"start":{"line":73,"column":8},"end":{"line":75,"column":9}},"30":{"start":{"line":74,"column":12},"end":{"line":74,"column":60}},"31":{"start":{"line":76,"column":34},"end":{"line":76,"column":67}},"32":{"start":{"line":77,"column":28},"end":{"line":83,"column":14}},"33":{"start":{"line":84,"column":12},"end":{"line":84,"column":56}},"34":{"start":{"line":85,"column":26},"end":{"line":85,"column":52}},"35":{"start":{"line":86,"column":12},"end":{"line":86,"column":44}},"36":{"start":{"line":89,"column":36},"end":{"line":89,"column":45}},"37":{"start":{"line":90,"column":21},"end":{"line":92,"column":10}},"38":{"start":{"line":93,"column":8},"end":{"line":95,"column":9}},"39":{"start":{"line":94,"column":12},"end":{"line":94,"column":78}},"40":{"start":{"line":96,"column":8},"end":{"line":98,"column":9}},"41":{"start":{"line":97,"column":12},"end":{"line":97,"column":67}},"42":{"start":{"line":99,"column":22},"end":{"line":99,"column":45}},"43":{"start":{"line":100,"column":8},"end":{"line":100,"column":31}},"44":{"start":{"line":103,"column":21},"end":{"line":103,"column":71}},"45":{"start":{"line":104,"column":8},"end":{"line":106,"column":9}},"46":{"start":{"line":105,"column":12},"end":{"line":105,"column":81}},"47":{"start":{"line":107,"column":53},"end":{"line":107,"column":84}},"48":{"start":{"line":108,"column":28},"end":{"line":108,"column":88}},"49":{"start":{"line":109,"column":25},"end":{"line":109,"column":85}},"50":{"start":{"line":110,"column":8},"end":{"line":123,"column":11}},"51":{"start":{"line":111,"column":13},"end":{"line":117,"column":15}},"52":{"start":{"line":118,"column":11},"end":{"line":122,"column":12}},"53":{"start":{"line":119,"column":15},"end":{"line":119,"column":67}},"54":{"start":{"line":121,"column":15},"end":{"line":121,"column":97}},"55":{"start":{"line":126,"column":29},"end":{"line":126,"column":33}},"56":{"start":{"line":127,"column":28},"end":{"line":127,"column":83}},"57":{"start":{"line":128,"column":21},"end":{"line":133,"column":10}},"58":{"start":{"line":134,"column":8},"end":{"line":136,"column":9}},"59":{"start":{"line":135,"column":12},"end":{"line":135,"column":71}},"60":{"start":{"line":137,"column":30},"end":{"line":137,"column":63}},"61":{"start":{"line":138,"column":24},"end":{"line":146,"column":10}},"62":{"start":{"line":147,"column":25},"end":{"line":147,"column":51}},"63":{"start":{"line":148,"column":8},"end":{"line":148,"column":50}},"64":{"start":{"line":151,"column":49},"end":{"line":151,"column":53}},"65":{"start":{"line":152,"column":21},"end":{"line":152,"column":76}},"66":{"start":{"line":153,"column":8},"end":{"line":155,"column":9}},"67":{"start":{"line":154,"column":12},"end":{"line":154,"column":75}},"68":{"start":{"line":156,"column":30},"end":{"line":156,"column":66}},"69":{"start":{"line":157,"column":28},"end":{"line":163,"column":10}},"70":{"start":{"line":164,"column":22},"end":{"line":164,"column":44}},"71":{"start":{"line":165,"column":8},"end":{"line":165,"column":44}},"72":{"start":{"line":168,"column":8},"end":{"line":171,"column":11}},"73":{"start":{"line":24,"column":0},"end":{"line":24,"column":21}}},"fnMap":{"0":{"name":"(anonymous_1)","decl":{"start":{"line":25,"column":16},"end":{"line":25,"column":17}},"loc":{"start":{"line":25,"column":35},"end":{"line":35,"column":5}}},"1":{"name":"(anonymous_2)","decl":{"start":{"line":36,"column":4},"end":{"line":36,"column":9}},"loc":{"start":{"line":36,"column":39},"end":{"line":38,"column":5}}},"2":{"name":"(anonymous_3)","decl":{"start":{"line":39,"column":4},"end":{"line":39,"column":9}},"loc":{"start":{"line":39,"column":68},"end":{"line":41,"column":5}}},"3":{"name":"(anonymous_4)","decl":{"start":{"line":42,"column":4},"end":{"line":42,"column":28}},"loc":{"start":{"line":42,"column":28},"end":{"line":46,"column":5}}},"4":{"name":"(anonymous_5)","decl":{"start":{"line":47,"column":4},"end":{"line":47,"column":9}},"loc":{"start":{"line":47,"column":39},"end":{"line":70,"column":5}}},"5":{"name":"(anonymous_6)","decl":{"start":{"line":71,"column":4},"end":{"line":71,"column":9}},"loc":{"start":{"line":71,"column":50},"end":{"line":87,"column":5}}},"6":{"name":"(anonymous_7)","decl":{"start":{"line":88,"column":4},"end":{"line":88,"column":9}},"loc":{"start":{"line":88,"column":36},"end":{"line":101,"column":5}}},"7":{"name":"(anonymous_8)","decl":{"start":{"line":102,"column":4},"end":{"line":102,"column":9}},"loc":{"start":{"line":102,"column":70},"end":{"line":124,"column":5}}},"8":{"name":"(anonymous_9)","decl":{"start":{"line":110,"column":34},"end":{"line":110,"column":39}},"loc":{"start":{"line":110,"column":47},"end":{"line":123,"column":9}}},"9":{"name":"(anonymous_10)","decl":{"start":{"line":125,"column":4},"end":{"line":125,"column":9}},"loc":{"start":{"line":125,"column":62},"end":{"line":149,"column":5}}},"10":{"name":"(anonymous_11)","decl":{"start":{"line":150,"column":4},"end":{"line":150,"column":9}},"loc":{"start":{"line":150,"column":50},"end":{"line":166,"column":5}}},"11":{"name":"(anonymous_12)","decl":{"start":{"line":167,"column":4},"end":{"line":167,"column":9}},"loc":{"start":{"line":167,"column":42},"end":{"line":172,"column":5}}}},"branchMap":{"0":{"loc":{"start":{"line":28,"column":8},"end":{"line":30,"column":9}},"type":"if","locations":[{"start":{"line":28,"column":8},"end":{"line":30,"column":9}},{"start":{},"end":{}}]},"1":{"loc":{"start":{"line":60,"column":8},"end":{"line":62,"column":9}},"type":"if","locations":[{"start":{"line":60,"column":8},"end":{"line":62,"column":9}},{"start":{},"end":{}}]},"2":{"loc":{"start":{"line":63,"column":8},"end":{"line":68,"column":13}},"type":"if","locations":[{"start":{"line":63,"column":8},"end":{"line":68,"column":13}},{"start":{},"end":{}}]},"3":{"loc":{"start":{"line":65,"column":16},"end":{"line":67,"column":17}},"type":"if","locations":[{"start":{"line":65,"column":16},"end":{"line":67,"column":17}},{"start":{},"end":{}}]},"4":{"loc":{"start":{"line":73,"column":8},"end":{"line":75,"column":9}},"type":"if","locations":[{"start":{"line":73,"column":8},"end":{"line":75,"column":9}},{"start":{},"end":{}}]},"5":{"loc":{"start":{"line":93,"column":8},"end":{"line":95,"column":9}},"type":"if","locations":[{"start":{"line":93,"column":8},"end":{"line":95,"column":9}},{"start":{},"end":{}}]},"6":{"loc":{"start":{"line":93,"column":11},"end":{"line":93,"column":43}},"type":"binary-expr","locations":[{"start":{"line":93,"column":11},"end":{"line":93,"column":15}},{"start":{"line":93,"column":19},"end":{"line":93,"column":43}}]},"7":{"loc":{"start":{"line":96,"column":8},"end":{"line":98,"column":9}},"type":"if","locations":[{"start":{"line":96,"column":8},"end":{"line":98,"column":9}},{"start":{},"end":{}}]},"8":{"loc":{"start":{"line":96,"column":12},"end":{"line":96,"column":81}},"type":"binary-expr","locations":[{"start":{"line":96,"column":12},"end":{"line":96,"column":17}},{"start":{"line":96,"column":21},"end":{"line":96,"column":81}}]},"9":{"loc":{"start":{"line":104,"column":8},"end":{"line":106,"column":9}},"type":"if","locations":[{"start":{"line":104,"column":8},"end":{"line":106,"column":9}},{"start":{},"end":{}}]},"10":{"loc":{"start":{"line":134,"column":8},"end":{"line":136,"column":9}},"type":"if","locations":[{"start":{"line":134,"column":8},"end":{"line":136,"column":9}},{"start":{},"end":{}}]},"11":{"loc":{"start":{"line":153,"column":8},"end":{"line":155,"column":9}},"type":"if","locations":[{"start":{"line":153,"column":8},"end":{"line":155,"column":9}},{"start":{},"end":{}}]},"12":{"loc":{"start":{"line":153,"column":12},"end":{"line":153,"column":88}},"type":"binary-expr","locations":[{"start":{"line":153,"column":12},"end":{"line":153,"column":17}},{"start":{"line":153,"column":21},"end":{"line":153,"column":88}}]}},"s":{"0":7,"1":7,"2":7,"3":7,"4":7,"5":7,"6":7,"7":4,"8":4,"9":4,"10":0,"11":4,"12":4,"13":3,"14":4,"15":1,"16":1,"17":1,"18":67,"19":67,"20":66,"21":66,"22":1,"23":65,"24":4,"25":4,"26":1,"27":64,"28":2,"29":2,"30":1,"31":1,"32":1,"33":1,"34":1,"35":1,"36":4,"37":4,"38":4,"39":1,"40":3,"41":2,"42":1,"43":1,"44":1,"45":1,"46":0,"47":1,"48":1,"49":1,"50":1,"51":1,"52":1,"53":1,"54":0,"55":2,"56":2,"57":2,"58":2,"59":1,"60":1,"61":1,"62":1,"63":1,"64":2,"65":2,"66":2,"67":1,"68":1,"69":1,"70":1,"71":1,"72":1,"73":7},"f":{"0":4,"1":3,"2":4,"3":1,"4":67,"5":2,"6":4,"7":1,"8":1,"9":2,"10":2,"11":1},"b":{"0":[0,4],"1":[1,65],"2":[4,61],"3":[1,3],"4":[1,1],"5":[1,3],"6":[4,3],"7":[2,1],"8":[3,2],"9":[0,1],"10":[1,1],"11":[1,1],"12":[2,2]}}
,"/home/alysseum17/quizProject/src/services/bookmarkService.ts": {"path":"/home/alysseum17/quizProject/src/services/bookmarkService.ts","statementMap":{"0":{"start":{"line":1,"column":0},"end":{"line":1,"column":38}},"1":{"start":{"line":3,"column":0},"end":{"line":3,"column":44}},"2":{"start":{"line":17,"column":21},"end":{"line":22,"column":10}},"3":{"start":{"line":24,"column":8},"end":{"line":26,"column":9}},"4":{"start":{"line":25,"column":12},"end":{"line":25,"column":66}},"5":{"start":{"line":28,"column":33},"end":{"line":35,"column":10}},"6":{"start":{"line":37,"column":8},"end":{"line":39,"column":9}},"7":{"start":{"line":38,"column":12},"end":{"line":38,"column":78}},"8":{"start":{"line":41,"column":25},"end":{"line":46,"column":10}},"9":{"start":{"line":47,"column":8},"end":{"line":47,"column":24}},"10":{"start":{"line":51,"column":8},"end":{"line":66,"column":9}},"11":{"start":{"line":52,"column":12},"end":{"line":59,"column":15}},"12":{"start":{"line":61,"column":12},"end":{"line":63,"column":13}},"13":{"start":{"line":62,"column":16},"end":{"line":62,"column":62}},"14":{"start":{"line":64,"column":12},"end":{"line":64,"column":24}},"15":{"start":{"line":70,"column":23},"end":{"line":70,"column":41}},"16":{"start":{"line":72,"column":35},"end":{"line":110,"column":10}},"17":{"start":{"line":112,"column":22},"end":{"line":125,"column":10}},"18":{"start":{"line":113,"column":32},"end":{"line":113,"column":92}},"19":{"start":{"line":113,"column":66},"end":{"line":113,"column":88}},"20":{"start":{"line":114,"column":30},"end":{"line":116,"column":19}},"21":{"start":{"line":118,"column":45},"end":{"line":118,"column":51}},"22":{"start":{"line":120,"column":12},"end":{"line":124,"column":14}},"23":{"start":{"line":127,"column":27},"end":{"line":127,"column":51}},"24":{"start":{"line":128,"column":28},"end":{"line":128,"column":45}},"25":{"start":{"line":129,"column":28},"end":{"line":129,"column":36}},"26":{"start":{"line":131,"column":8},"end":{"line":141,"column":10}},"27":{"start":{"line":145,"column":8},"end":{"line":163,"column":9}},"28":{"start":{"line":146,"column":36},"end":{"line":156,"column":14}},"29":{"start":{"line":157,"column":12},"end":{"line":157,"column":35}},"30":{"start":{"line":159,"column":12},"end":{"line":161,"column":13}},"31":{"start":{"line":160,"column":16},"end":{"line":160,"column":62}},"32":{"start":{"line":162,"column":12},"end":{"line":162,"column":24}},"33":{"start":{"line":167,"column":8},"end":{"line":180,"column":10}},"34":{"start":{"line":184,"column":8},"end":{"line":214,"column":11}},"35":{"start":{"line":185,"column":38},"end":{"line":193,"column":14}},"36":{"start":{"line":195,"column":26},"end":{"line":195,"column":50}},"37":{"start":{"line":197,"column":12},"end":{"line":199,"column":13}},"38":{"start":{"line":198,"column":16},"end":{"line":198,"column":76}},"39":{"start":{"line":201,"column":32},"end":{"line":201,"column":69}},"40":{"start":{"line":201,"column":59},"end":{"line":201,"column":68}},"41":{"start":{"line":203,"column":12},"end":{"line":208,"column":15}},"42":{"start":{"line":210,"column":12},"end":{"line":213,"column":14}},"43":{"start":{"line":218,"column":8},"end":{"line":262,"column":11}},"44":{"start":{"line":219,"column":33},"end":{"line":225,"column":14}},"45":{"start":{"line":227,"column":33},"end":{"line":227,"column":60}},"46":{"start":{"line":227,"column":55},"end":{"line":227,"column":59}},"47":{"start":{"line":229,"column":12},"end":{"line":231,"column":13}},"48":{"start":{"line":230,"column":16},"end":{"line":230,"column":80}},"49":{"start":{"line":233,"column":38},"end":{"line":239,"column":14}},"50":{"start":{"line":241,"column":32},"end":{"line":241,"column":78}},"51":{"start":{"line":241,"column":67},"end":{"line":241,"column":76}},"52":{"start":{"line":243,"column":37},"end":{"line":248,"column":19}},"53":{"start":{"line":244,"column":30},"end":{"line":244,"column":50}},"54":{"start":{"line":245,"column":32},"end":{"line":248,"column":18}},"55":{"start":{"line":250,"column":12},"end":{"line":254,"column":13}},"56":{"start":{"line":251,"column":16},"end":{"line":253,"column":19}},"57":{"start":{"line":256,"column":12},"end":{"line":261,"column":14}},"58":{"start":{"line":13,"column":0},"end":{"line":13,"column":21}}},"fnMap":{"0":{"name":"(anonymous_1)","decl":{"start":{"line":15,"column":4},"end":{"line":15,"column":9}},"loc":{"start":{"line":15,"column":52},"end":{"line":48,"column":5}}},"1":{"name":"(anonymous_2)","decl":{"start":{"line":50,"column":4},"end":{"line":50,"column":9}},"loc":{"start":{"line":50,"column":55},"end":{"line":67,"column":5}}},"2":{"name":"(anonymous_3)","decl":{"start":{"line":69,"column":4},"end":{"line":69,"column":9}},"loc":{"start":{"line":69,"column":68},"end":{"line":142,"column":5}}},"3":{"name":"(anonymous_4)","decl":{"start":{"line":112,"column":36},"end":{"line":112,"column":37}},"loc":{"start":{"line":112,"column":40},"end":{"line":125,"column":9}}},"4":{"name":"(anonymous_5)","decl":{"start":{"line":113,"column":54},"end":{"line":113,"column":55}},"loc":{"start":{"line":113,"column":66},"end":{"line":113,"column":88}}},"5":{"name":"(anonymous_6)","decl":{"start":{"line":144,"column":4},"end":{"line":144,"column":9}},"loc":{"start":{"line":144,"column":73},"end":{"line":164,"column":5}}},"6":{"name":"(anonymous_7)","decl":{"start":{"line":166,"column":4},"end":{"line":166,"column":9}},"loc":{"start":{"line":166,"column":51},"end":{"line":181,"column":5}}},"7":{"name":"(anonymous_8)","decl":{"start":{"line":183,"column":4},"end":{"line":183,"column":9}},"loc":{"start":{"line":183,"column":49},"end":{"line":215,"column":5}}},"8":{"name":"(anonymous_9)","decl":{"start":{"line":184,"column":41},"end":{"line":184,"column":46}},"loc":{"start":{"line":184,"column":54},"end":{"line":214,"column":9}}},"9":{"name":"(anonymous_10)","decl":{"start":{"line":201,"column":54},"end":{"line":201,"column":55}},"loc":{"start":{"line":201,"column":59},"end":{"line":201,"column":68}}},"10":{"name":"(anonymous_11)","decl":{"start":{"line":217,"column":4},"end":{"line":217,"column":9}},"loc":{"start":{"line":217,"column":60},"end":{"line":263,"column":5}}},"11":{"name":"(anonymous_12)","decl":{"start":{"line":218,"column":41},"end":{"line":218,"column":46}},"loc":{"start":{"line":218,"column":54},"end":{"line":262,"column":9}}},"12":{"name":"(anonymous_13)","decl":{"start":{"line":227,"column":50},"end":{"line":227,"column":51}},"loc":{"start":{"line":227,"column":55},"end":{"line":227,"column":59}}},"13":{"name":"(anonymous_14)","decl":{"start":{"line":241,"column":62},"end":{"line":241,"column":63}},"loc":{"start":{"line":241,"column":67},"end":{"line":241,"column":76}}},"14":{"name":"(anonymous_15)","decl":{"start":{"line":244,"column":24},"end":{"line":244,"column":26}},"loc":{"start":{"line":244,"column":30},"end":{"line":244,"column":5
[...]
":70}},"20":{"start":{"line":99,"column":4},"end":{"line":99,"column":60}},"21":{"start":{"line":107,"column":19},"end":{"line":107,"column":78}},"22":{"start":{"line":108,"column":4},"end":{"line":110,"column":5}},"23":{"start":{"line":109,"column":6},"end":{"line":109,"column":50}},"24":{"start":{"line":112,"column":4},"end":{"line":114,"column":5}},"25":{"start":{"line":113,"column":6},"end":{"line":113,"column":68}},"26":{"start":{"line":116,"column":4},"end":{"line":122,"column":7}},"27":{"start":{"line":126,"column":20},"end":{"line":150,"column":10}},"28":{"start":{"line":152,"column":4},"end":{"line":152,"column":19}},"29":{"start":{"line":19,"column":0},"end":{"line":19,"column":21}}},"fnMap":{"0":{"name":"(anonymous_1)","decl":{"start":{"line":20,"column":2},"end":{"line":20,"column":7}},"loc":{"start":{"line":23,"column":27},"end":{"line":48,"column":3}}},"1":{"name":"(anonymous_2)","decl":{"start":{"line":50,"column":2},"end":{"line":50,"column":7}},"loc":{"start":{"line":52,"column":29},"end":{"line":87,"column":3}}},"2":{"name":"(anonymous_3)","decl":{"start":{"line":89,"column":2},"end":{"line":89,"column":7}},"loc":{"start":{"line":89,"column":53},"end":{"line":100,"column":3}}},"3":{"name":"(anonymous_4)","decl":{"start":{"line":102,"column":2},"end":{"line":102,"column":7}},"loc":{"start":{"line":105,"column":27},"end":{"line":123,"column":3}}},"4":{"name":"(anonymous_5)","decl":{"start":{"line":125,"column":2},"end":{"line":125,"column":7}},"loc":{"start":{"line":125,"column":41},"end":{"line":153,"column":3}}}},"branchMap":{"0":{"loc":{"start":{"line":26,"column":4},"end":{"line":28,"column":5}},"type":"if","locations":[{"start":{"line":26,"column":4},"end":{"line":28,"column":5}},{"start":{},"end":{}}]},"1":{"loc":{"start":{"line":36,"column":4},"end":{"line":38,"column":5}},"type":"if","locations":[{"start":{"line":36,"column":4},"end":{"line":38,"column":5}},{"start":{},"end":{}}]},"2":{"loc":{"start":{"line":91,"column":4},"end":{"line":93,"column":5}},"type":"if","locations":[{"start":{"line":91,"column":4},"end":{"line":93,"column":5}},{"start":{},"end":{}}]},"3":{"loc":{"start":{"line":95,"column":4},"end":{"line":97,"column":5}},"type":"if","locations":[{"start":{"line":95,"column":4},"end":{"line":97,"column":5}},{"start":{},"end":{}}]},"4":{"loc":{"start":{"line":108,"column":4},"end":{"line":110,"column":5}},"type":"if","locations":[{"start":{"line":108,"column":4},"end":{"line":110,"column":5}},{"start":{},"end":{}}]},"5":{"loc":{"start":{"line":112,"column":4},"end":{"line":114,"column":5}},"type":"if","locations":[{"start":{"line":112,"column":4},"end":{"line":114,"column":5}},{"start":{},"end":{}}]}},"s":{"0":5,"1":5,"2":2,"3":2,"4":0,"5":2,"6":2,"7":1,"8":1,"9":1,"10":1,"11":1,"12":1,"13":1,"14":1,"15":2,"16":2,"17":1,"18":1,"19":0,"20":1,"21":2,"22":2,"23":0,"24":2,"25":1,"26":1,"27":1,"28":1,"29":5},"f":{"0":2,"1":1,"2":2,"3":2,"4":1},"b":{"0":[0,2],"1":[1,1],"2":[1,1],"3":[0,1],"4":[0,2],"5":[1,1]}}
,"/home/alysseum17/quizProject/src/services/userService.ts": {"path":"/home/alysseum17/quizProject/src/services/userService.ts","statementMap":{"0":{"start":{"line":1,"column":0},"end":{"line":1,"column":35}},"1":{"start":{"line":2,"column":0},"end":{"line":2,"column":38}},"2":{"start":{"line":51,"column":8},"end":{"line":53,"column":11}},"3":{"start":{"line":56,"column":23},"end":{"line":56,"column":41}},"4":{"start":{"line":57,"column":31},"end":{"line":66,"column":10}},"5":{"start":{"line":67,"column":27},"end":{"line":67,"column":51}},"6":{"start":{"line":68,"column":28},"end":{"line":68,"column":45}},"7":{"start":{"line":69,"column":28},"end":{"line":69,"column":36}},"8":{"start":{"line":70,"column":8},"end":{"line":79,"column":10}},"9":{"start":{"line":82,"column":8},"end":{"line":84,"column":11}},"10":{"start":{"line":88,"column":41},"end":{"line":114,"column":6}},"11":{"start":{"line":116,"column":4},"end":{"line":116,"column":32}},"12":{"start":{"line":116,"column":20},"end":{"line":116,"column":32}},"13":{"start":{"line":118,"column":4},"end":{"line":125,"column":6}},"14":{"start":{"line":128,"column":23},"end":{"line":128,"column":41}},"15":{"start":{"line":129,"column":22},"end":{"line":131,"column":10}},"16":{"start":{"line":132,"column":24},"end":{"line":143,"column":10}},"17":{"start":{"line":144,"column":24},"end":{"line":144,"column":52}},"18":{"start":{"line":144,"column":44},"end":{"line":144,"column":51}},"19":{"start":{"line":146,"column":24},"end":{"line":150,"column":10}},"20":{"start":{"line":152,"column":48},"end":{"line":152,"column":57}},"21":{"start":{"line":153,"column":8},"end":{"line":155,"column":11}},"22":{"start":{"line":154,"column":12},"end":{"line":154,"column":76}},"23":{"start":{"line":157,"column":30},"end":{"line":161,"column":11}},"24":{"start":{"line":157,"column":51},"end":{"line":161,"column":10}},"25":{"start":{"line":162,"column":27},"end":{"line":162,"column":51}},"26":{"start":{"line":163,"column":28},"end":{"line":163,"column":45}},"27":{"start":{"line":164,"column":28},"end":{"line":164,"column":36}},"28":{"start":{"line":165,"column":8},"end":{"line":174,"column":10}},"29":{"start":{"line":178,"column":23},"end":{"line":178,"column":41}},"30":{"start":{"line":179,"column":31},"end":{"line":191,"column":11}},"31":{"start":{"line":192,"column":27},"end":{"line":192,"column":71}},"32":{"start":{"line":193,"column":27},"end":{"line":193,"column":56}},"33":{"start":{"line":194,"column":28},"end":{"line":194,"column":45}},"34":{"start":{"line":195,"column":28},"end":{"line":195,"column":36}},"35":{"start":{"line":196,"column":8},"end":{"line":205,"column":10}},"36":{"start":{"line":208,"column":23},"end":{"line":208,"column":41}},"37":{"start":{"line":209,"column":33},"end":{"line":224,"column":11}},"38":{"start":{"line":225,"column":27},"end":{"line":225,"column":71}},"39":{"start":{"line":226,"column":27},"end":{"line":226,"column":56}},"40":{"start":{"line":227,"column":28},"end":{"line":227,"column":45}},"41":{"start":{"line":228,"column":28},"end":{"line":228,"column":36}},"42":{"start":{"line":229,"column":8},"end":{"line":238,"column":10}},"43":{"start":{"line":242,"column":23},"end":{"line":242,"column":41}},"44":{"start":{"line":243,"column":33},"end":{"line":255,"column":11}},"45":{"start":{"line":256,"column":27},"end":{"line":256,"column":71}},"46":{"start":{"line":257,"column":27},"end":{"line":257,"column":56}},"47":{"start":{"line":258,"column":28},"end":{"line":258,"column":45}},"48":{"start":{"line":259,"column":28},"end":{"line":259,"column":36}},"49":{"start":{"line":260,"column":8},"end":{"line":269,"column":10}},"50":{"start":{"line":272,"column":23},"end":{"line":272,"column":41}},"51":{"start":{"line":273,"column":33},"end":{"line":287,"column":11}},"52":{"start":{"line":288,"column":27},"end":{"line":288,"column":71}},"53":{"start":{"line":289,"column":27},"end":{"line":289,"column":56}},"54":{"start":{"line":290,"column":28},"end":{"line":290,"column":45}},"55":{"start":{"line":291,"column":28},"end":{"line":291,"column":36}},"56":{"start":{"line":292,"column":8},"end":{"line":301,"column":10}},"57":{"start":{"line":304,"column":8},"end":{"line":307,"column":11}},"58":{"start":{"line":311,"column":23},"end":{"line":311,"column":41}},"59":{"start":{"line":312,"column":33},"end":{"line":361,"column":11}},"60":{"start":{"line":362,"column":27},"end":{"line":362,"column":71}},"61":{"start":{"line":363,"column":27},"end":{"line":363,"column":56}},"62":{"start":{"line":364,"column":28},"end":{"line":364,"column":45}},"63":{"start":{"line":365,"column":28},"end":{"line":365,"column":36}},"64":{"start":{"line":366,"column":8},"end":{"line":375,"column":10}},"65":{"start":{"line":378,"column":23},"end":{"line":378,"column":41}},"66":{"start":{"line":379,"column":20},"end":{"line":399,"column":18}},"67":{"start":{"line":400,"column":31},"end":{"line":428,"column":11}},"68":{"start":{"line":429,"column":27},"end":{"line":429,"column":71}},"69":{"start":{"line":430,"column":27},"end":{"line":430,"column":56}},"70":{"start":{"line":431,"column":28},"end":{"line":431,"column":45}},"71":{"start":{"line":432,"column":28},"end":{"line":432,"column":36}},"72":{"start":{"line":433,"column":8},"end":{"line":442,"column":10}},"73":{"start":{"line":446,"column":8},"end":{"line":462,"column":null}},"74":{"start":{"line":465,"column":23},"end":{"line":465,"column":41}},"75":{"start":{"line":466,"column":36},"end":{"line":484,"column":12}},"76":{"start":{"line":485,"column":27},"end":{"line":485,"column":51}},"77":{"start":{"line":486,"column":28},"end":{"line":486,"column":45}},"78":{"start":{"line":487,"column":28},"end":{"line":487,"column":36}},"79":{"start":{"line":488,"column":8},"end":{"line":497,"column":10}},"80":{"start":{"line":49,"column":0},"end":{"line":49,"column":21}}},"fnMap":{"0":{"name":"(anonymous_0)","decl":{"start":{"line":50,"column":4},"end":{"line":50,"column":9}},"loc":{"start":{"line":50,"column":39},"end":{"line":54,"column":5}}},"1":{"name":"(anonymous_1)","decl":{"start":{"line":55,"column":4},"end":{"line":55,"column":9}},"loc":{"start":{"line":55,"column":67},"end":{"line":80,"column":5}}},"2":{"name":"(anonymous_2)","decl":{"start":{"line":81,"column":4},"end":{"line":81,"column":9}},"loc":{"start":{"line":81,"column":37},"end":{"line":85,"column":5}}},"3":{"name":"(anonymous_3)","decl":{"start":{"line":86,"column":4},"end":{"line":86,"column":9}},"loc":{"start":{"line":86,"column":43},"end":{"line":126,"column":1}}},"4":{"name":"(anonymous_4)","decl":{"start":{"line":127,"column":4},"end":{"line":127,"column":9}},"loc":{"start":{"line":127,"column":67},"end":{"line":175,"column":5}}},"5":{"name":"(anonymous_5)","decl":{"start":{"line":144,"column":36},"end":{"line":144,"column":40}},"loc":{"start":{"line":144,"column":44},"end":{"line":144,"column":51}}},"6":{"name":"(anonymous_6)","decl":{"start":{"line":153,"column":24},"end":{"line":153,"column":30}},"loc":{"start":{"line":153,"column":33},"end":{"line":155,"column":9}}},"7":{"name":"(anonymous_7)","decl":{"start":{"line":157,"column":42},"end":{"line":157,"column":46}},"loc":{"start":{"line":157,"column":51},"end":{"line":161,"column":10}}},"8":{"name":"(anonymous_8)","decl":{"start":{"line":177,"column":4},"end":{"line":177,"column":9}},"loc":{"start":{"line":177,"column":61},"end":{"line":206,"column":5}}},"9":{"name":"(anonymous_9)","decl":{"start":{"line":207,"column":4},"end":{"line":207,"column":9}},"loc":{"start":{"line":207,"column":66},"end":{"line":239,"column":5}}},"10":{"name":"(anonymous_10)","decl":{"start":{"line":241,"column":4},"end":{"line":241,"column":9}},"loc":{"start":{"line":241,"column":64},"end":{"line":270,"column":5}}},"11":{"name":"(anonymous_11)","decl":{"start":{"line":271,"column":4},"end":{"line":271,"column":9}},"loc":{"start":{"line":271,"column":71},"end":{"line":302,"column":5}}},"12":{"name":"(anonymous_12)","decl":{"start":{"line":303,"column":4},"end":{"line":303,"column":9}},"loc":{"start":{"line":303,"column":84},"end":{"line":308,"column":5}}},"13":{"name":"(anonymous_13)","decl":{"start":{"line":310,"column":4},"end":{"line":310,"column":9}},"loc":{"start":{"line":310,"column":56},"end":{"line":376,"column":5}}},"14":{"name":"(anonymous_14)","decl":{"start":{"line":377,"column":4},"end":{"line":377,"column":9}},"loc":{"start":{"line":377,"column":61},"end":{"line":443,"column":5}}},"15":{"name":"(anonymous_15)","decl":{"start":{"line":445,"column":4},"end":{"line":445,"column":9}},"loc":{"start":{"line":445,"column":57},"end":{"line":463,"column":5}}},"16":{"name":"(anonymous_16)","decl":{"start":{"line":464,"column":4},"end":{"line":464,"column":9}},"loc":{"start":{"line":464,"column":75},"end":{"line":498,"column":5}}}},"branchMap":{"0":{"loc":{"start":{"line":116,"column":4},"end":{"line":116,"column":32}},"type":"if","locations":[{"start":{"line":116,"column":4},"end":{"line":116,"column":32}},{"start":{},"end":{}}]},"1":{"loc":{"start":{"line":124,"column":29},"end":{"line":124,"column":65}},"type":"binary-expr","locations":[{"start":{"line":124,"column":29},"end":{"line":124,"column":60}},{"start":{"line":124,"column":64},"end":{"line":124,"column":65}}]},"2":{"loc":{"start":{"line":154,"column":43},"end":{"line":154,"column":74}},"type":"binary-expr","locations":[{"start":{"line":154,"column":43},"end":{"line":154,"column":69}},{"start":{"line":154,"column":73},"end":{"line":154,"column":74}}]},"3":{"loc":{"start":{"line":192,"column":27},"end":{"line":192,"column":71}},"type":"cond-expr","locations":[{"start":{"line":192,"column":45},"end":{"line":192,"column":67}},{"start":{"line":192,"column":70},"end":{"line":192,"column":71}}]},"4":{"loc":{"start":{"line":225,"column":27},"end":{"line":225,"column":71}},"type":"cond-expr","locations":[{"start":{"line":225,"column":45},"end":{"line":225,"column":67}},{"start":{"line":225,"column":70},"end":{"line":225,"column":71}}]},"5":{"loc":{"start":{"line":256,"column":27},"end":{"line":256,"column":71}},"type":"cond-expr","locations":[{"start":{"line":256,"column":45},"end":{"line":256,"column":67}},{"start":{"line":256,"column":70},"end":{"line":256,"column":71}}]},"6":{"loc":{"start":{"line":288,"column":27},"end":{"line":288,"column":71}},"type":"cond-expr","locations":[{"start":{"line":288,"column":45},"end":{"line":288,"column":67}},{"start":{"line":288,"column":70},"end":{"line":288,"column":71}}]},"7":{"loc":{"start":{"line":362,"column":27},"end":{"line":362,"column":71}},"type":"cond-expr","locations":[{"start":{"line":362,"column":45},"end":{"line":362,"column":67}},{"start":{"line":362,"column":70},"end":{"line":362,"column":71}}]},"8":{"loc":{"start":{"line":429,"column":27},"end":{"line":429,"column":71}},"type":"cond-expr","locations":[{"start":{"line":429,"column":45},"end":{"line":429,"column":67}},{"start":{"line":429,"column":70},"end":{"line":429,"column":71}}]}},"s":{"0":5,"1":5,"2":2,"3":1,"4":1,"5":1,"6":1,"7":1,"8":1,"9":0,"10":3,"11":3,"12":1,"13":2,"14":1,"15":1,"16":1,"17":1,"18":1,"19":1,"20":1,"21":1,"22":1,"23":1,"24":1,"25":1,"26":1,"27":1,"28":1,"29":1,"30":1,"31":1,"32":1,"33":1,"34":1,"35":1,"36":1,"37":1,"38":1,"39":1,"40":1,"41":1,"42":1,"43":1,"44":1,"45":1,"46":1,"47":1,"48":1,"49":1,"50":1,"51":1,"52":1,"53":1,"54":1,"55":1,"56":1,"57":2,"58":1,"59":1,"60":1,"61":1,"62":1,"63":1,"64":1,"65":1,"66":1,"67":1,"68":1,"69":1,"70":1,"71":1,"72":1,"73":2,"74":1,"75":1,"76":1,"77":1,"78":1,"79":1,"80":5},"f":{"0":2,"1":1,"2":0,"3":3,"4":1,"5":1,"6":1,"7":1,"8":1,"9":1,"10":1,"11":1,"12":2,"13":1,"14":1,"15":2,"16":1},"b":{"0":[1,2],"1":[2,0],"2":[1,0],"3":[1,0],"4":[1,0],"5":[1,0],"6":[1,0],"7":[1,0],"8":[0,1]}}
,"/home/alysseum17/quizProject/src/utils/appError.ts": {"path":"/home/alysseum17/quizProject/src/utils/appError.ts","statementMap":{"0":{"start":{"line":6,"column":8},"end":{"line":6,"column":23}},"1":{"start":{"line":7,"column":8},"end":{"line":7,"column":37}},"2":{"start":{"line":8,"column":8},"end":{"line":8,"column":73}},"3":{"start":{"line":9,"column":8},"end":{"line":9,"column":34}},"4":{"start":{"line":10,"column":8},"end":{"line":10,"column":56}},"5":{"start":{"line":1,"column":1},"end":{"line":1,"column":22}}},"fnMap":{"0":{"name":"(anonymous_0)","decl":{"start":{"line":5,"column":4},"end":{"line":5,"column":16}},"loc":{"start":{"line":5,"column":51},"end":{"line":11,"column":5}}}},"branchMap":{"0":{"loc":{"start":{"line":8,"column":22},"end":{"line":8,"column":72}},"type":"cond-expr","locations":[{"start":{"line":8,"column":56},"end":{"line":8,"column":62}},{"start":{"line":8,"column":65},"end":{"line":8,"column":72}}]}},"s":{"0":42,"1":42,"2":42,"3":42,"4":42,"5":8},"f":{"0":42},"b":{"0":[42,0]}}
,"/home/alysseum17/quizProject/src/utils/catchAsync.ts": {"path":"/home/alysseum17/quizProject/src/utils/catchAsync.ts","statementMap":{"0":{"start":{"line":1,"column":0},"end":{"line":5,"column":2}},"1":{"start":{"line":2,"column":4},"end":{"line":4,"column":6}},"2":{"start":{"line":3,"column":8},"end":{"line":3,"column":39}}},"fnMap":{"0":{"name":"(anonymous_0)","decl":{"start":{"line":1,"column":15},"end":{"line":1,"column":16}},"loc":{"start":{"line":1,"column":32},"end":{"line":5,"column":1}}},"1":{"name":"(anonymous_1)","decl":{"start":{"line":2,"column":11},"end":{"line":2,"column":12}},"loc":{"start":{"line":2,"column":45},"end":{"line":4,"column":5}}}},"branchMap":{},"s":{"0":6,"1":273,"2":158},"f":{"0":273,"1":158},"b":{}}
,"/home/alysseum17/quizProject/src/utils/email.ts": {"path":"/home/alysseum17/quizProject/src/utils/email.ts","statementMap":{"0":{"start":{"line":1,"column":0},"end":{"line":1,"column":36}},"1":{"start":{"line":2,"column":0},"end":{"line":2,"column":37}},"2":{"start":{"line":12,"column":24},"end":{"line":12,"column":33}},"3":{"start":{"line":12,"column":43},"end":{"line":12,"column":54}},"4":{"start":{"line":13,"column":8},"end":{"line":13,"column":29}},"5":{"start":{"line":14,"column":8},"end":{"line":14,"column":38}},"6":{"start":{"line":15,"column":8},"end":{"line":15,"column":59}},"7":{"start":{"line":18,"column":8},"end":{"line":25,"column":11}},"8":{"start":{"line":28,"column":21},"end":{"line":32,"column":10}},"9":{"start":{"line":33,"column":28},"end":{"line":39,"column":10}},"10":{"start":{"line":40,"column":8},"end":{"line":40,"column":56}},"11":{"start":{"line":43,"column":8},"end":{"line":46,"column":10}},"12":{"start":{"line":49,"column":8},"end":{"line":52,"column":10}},"13":{"start":{"line":6,"column":0},"end":{"line":6,"column":13}}},"fnMap":{"0":{"name":"(anonymous_1)","decl":{"start":{"line":12,"column":4},"end":{"line":12,"column":24}},"loc":{"start":{"line":12,"column":54},"end":{"line":16,"column":5}}},"1":{"name":"(anonymous_2)","decl":{"start":{"line":17,"column":4},"end":{"line":17,"column":16}},"loc":{"start":{"line":17,"column":16},"end":{"line":26,"column":5}}},"2":{"name":"(anonymous_3)","decl":{"start":{"line":27,"column":4},"end":{"line":27,"column":9}},"loc":{"start":{"line":27,"column":47},"end":{"line":41,"column":5}}},"3":{"name":"(anonymous_4)","decl":{"start":{"line":42,"column":4},"end":{"line":42,"column":9}},"loc":{"start":{"line":42,"column":21},"end":{"line":47,"column":5}}},"4":{"name":"(anonymous_5)","decl":{"start":{"line":48,"column":4},"end":{"line":48,"column":9}},"loc":{"start":{"line":48,"column":27},"end":{"line":53,"column":5}}}},"branchMap":{},"s":{"0":6,"1":6,"2":0,"3":0,"4":0,"5":0,"6":0,"7":0,"8":0,"9":0,"10":0,"11":0,"12":0,"13":6},"f":{"0":0,"1":0,"2":0,"3":0,"4":0},"b":{}}
,"/home/alysseum17/quizProject/test/helpers/cleanup.ts": {"path":"/home/alysseum17/quizProject/test/helpers/cleanup.ts","statementMap":{"0":{"start":{"line":4,"column":0},"end":{"line":4,"column":7}},"1":{"start":{"line":19,"column":0},"end":{"line":19,"column":7}},"2":{"start":{"line":1,"column":0},"end":{"line":1,"column":45}},"3":{"start":{"line":5,"column":4},"end":{"line":5,"column":45}},"4":{"start":{"line":6,"column":4},"end":{"line":6,"column":47}},"5":{"start":{"line":7,"column":4},"end":{"line":7,"column":42}},"6":{"start":{"line":8,"column":4},"end":{"line":8,"column":37}},"7":{"start":{"line":9,"column":4},"end":{"line":9,"column":39}},"8":{"start":{"line":11,"column":4},"end":{"line":11,"column":43}},"9":{"start":{"line":12,"column":4},"end":{"line":12,"column":39}},"10":{"start":{"line":14,"column":4},"end":{"line":14,"column":35}},"11":{"start":{"line":16,"column":4},"end":{"line":16,"column":35}},"12":{"start":{"line":20,"column":4},"end":{"line":30,"column":7}}},"fnMap":{"0":{"name":"cleanupDatabase","decl":{"start":{"line":4,"column":22},"end":{"line":4,"column":37}},"loc":{"start":{"line":4,"column":37},"end":{"line":17,"column":1}}},"1":{"name":"cleanupDatabaseTransaction","decl":{"start":{"line":19,"column":22},"end":{"line":19,"column":48}},"loc":{"start":{"line":19,"column":48},"end":{"line":31,"column":1}}}},"branchMap":{},"s":{"0":5,"1":5,"2":5,"3":5,"4":5,"5":5,"6":5,"7":5,"8":5,"9":5,"10":5,"11":5,"12":0},"f":{"0":5,"1":0},"b":{}}
}
