TN:
SF:src/app.ts
FN:26,(anonymous_1)
FNF:1
FNH:1
FNDA:93,(anonymous_1)
DA:1,5
DA:2,5
DA:3,5
DA:4,5
DA:5,5
DA:6,5
DA:7,5
DA:8,5
DA:9,5
DA:10,5
DA:11,5
DA:12,5
DA:13,5
DA:14,5
DA:16,5
DA:17,0
DA:20,5
DA:21,5
DA:22,5
DA:26,93
DA:29,5
DA:30,5
DA:31,5
DA:32,5
DA:33,5
DA:35,5
DA:36,5
DA:37,5
DA:38,5
DA:40,5
DA:42,5
DA:43,5
DA:45,5
LF:33
LH:32
BRDA:16,0,0,0
BRDA:16,0,1,5
BRF:2
BRH:1
end_of_record
TN:
SF:src/prisma.ts
FNF:0
FNH:0
DA:1,6
DA:2,6
DA:4,6
DA:6,6
DA:7,6
LF:5
LH:5
BRF:0
BRH:0
end_of_record
TN:
SF:src/controllers/authController.ts
FN:12,(anonymous_10)
FN:27,(anonymous_11)
FN:34,(anonymous_12)
FN:40,(anonymous_13)
FN:49,(anonymous_14)
FN:70,(anonymous_15)
FN:80,(anonymous_16)
FN:87,(anonymous_17)
FN:94,(anonymous_18)
FNF:9
FNH:8
FNDA:3,(anonymous_10)
FNDA:2,(anonymous_11)
FNDA:4,(anonymous_12)
FNDA:1,(anonymous_13)
FNDA:67,(anonymous_14)
FNDA:1,(anonymous_15)
FNDA:0,(anonymous_16)
FNDA:2,(anonymous_17)
FNDA:1,(anonymous_18)
DA:2,6
DA:3,6
DA:4,6
DA:5,6
DA:6,6
DA:10,6
DA:12,6
DA:13,3
DA:18,3
DA:20,3
DA:27,6
DA:28,2
DA:29,2
DA:30,2
DA:31,1
DA:34,6
DA:35,4
DA:36,4
DA:37,1
DA:40,6
DA:41,1
DA:46,1
DA:49,6
DA:51,67
DA:52,64
DA:53,3
DA:54,0
DA:56,67
DA:57,3
DA:59,64
DA:60,63
DA:61,0
DA:63,63
DA:64,0
DA:66,63
DA:67,63
DA:70,6
DA:71,1
DA:72,1
DA:73,1
DA:74,1
DA:80,6
DA:81,0
DA:82,0
DA:83,0
DA:84,0
DA:87,6
DA:88,2
DA:89,2
DA:90,2
DA:91,1
DA:94,6
DA:95,1
DA:96,1
DA:97,1
LF:55
LH:48
BRDA:15,0,0,3
BRDA:15,0,1,3
BRDA:43,1,0,1
BRDA:43,1,1,1
BRDA:51,2,0,64
BRDA:51,2,1,3
BRDA:51,3,0,67
BRDA:51,3,1,64
BRDA:53,4,0,0
BRDA:53,4,1,3
BRDA:56,5,0,3
BRDA:56,5,1,64
BRDA:60,6,0,0
BRDA:60,6,1,63
BRDA:63,7,0,0
BRDA:63,7,1,63
BRDA:72,8,0,1
BRDA:72,8,1,0
BRF:18
BRH:14
end_of_record
TN:
SF:src/controllers/bookmarkController.ts
FN:10,(anonymous_1)
FN:22,(anonymous_2)
FN:33,(anonymous_3)
FN:50,(anonymous_4)
FN:63,(anonymous_5)
FN:73,(anonymous_6)
FN:83,(anonymous_7)
FNF:7
FNH:7
FNDA:5,(anonymous_1)
FNDA:2,(anonymous_2)
FNDA:1,(anonymous_3)
FNDA:3,(anonymous_4)
FNDA:1,(anonymous_5)
FNDA:1,(anonymous_6)
FNDA:2,(anonymous_7)
DA:2,5
DA:3,5
DA:4,5
DA:5,5
DA:8,5
DA:10,5
DA:11,5
DA:12,5
DA:14,4
DA:16,1
DA:22,5
DA:23,2
DA:24,2
DA:26,2
DA:27,1
DA:33,5
DA:34,1
DA:35,1
DA:37,1
DA:39,1
DA:50,5
DA:51,3
DA:52,3
DA:53,3
DA:55,2
DA:57,1
DA:63,5
DA:64,1
DA:66,1
DA:73,5
DA:74,1
DA:75,1
DA:77,1
DA:83,5
DA:84,2
DA:85,2
DA:86,1
DA:88,1
LF:38
LH:38
BRF:0
BRH:0
end_of_record
TN:
SF:src/controllers/errorController.ts
FN:5,(anonymous_1)
FN:23,(anonymous_2)
FNF:2
FNH:2
FNDA:37,(anonymous_1)
FNDA:4,(anonymous_2)
DA:2,5
DA:3,5
DA:5,5
DA:6,37
DA:7,37
DA:9,37
DA:10,1
DA:11,1
DA:13,37
DA:14,0
DA:16,37
DA:17,0
DA:19,37
DA:20,0
DA:22,37
DA:23,4
DA:24,4
DA:26,37
DA:34,5
LF:19
LH:16
BRDA:6,0,0,37
BRDA:6,0,1,5
BRDA:7,1,0,37
BRDA:7,1,1,5
BRDA:9,2,0,1
BRDA:9,2,1,36
BRDA:10,3,0,1
BRDA:10,3,1,1
BRDA:13,4,0,0
BRDA:13,4,1,37
BRDA:16,5,0,0
BRDA:16,5,1,37
BRDA:19,6,0,0
BRDA:19,6,1,37
BRDA:22,7,0,4
BRDA:22,7,1,33
BRDA:29,8,0,0
BRDA:29,8,1,37
BRDA:30,9,0,0
BRDA:30,9,1,37
BRF:20
BRH:15
end_of_record
TN:
SF:src/controllers/handlerFactory.ts
FN:6,(anonymous_1)
FN:6,(anonymous_2)
FN:12,(anonymous_3)
FN:12,(anonymous_4)
FN:23,(anonymous_5)
FN:23,(anonymous_6)
FN:36,(anonymous_7)
FN:36,(anonymous_8)
FN:44,(anonymous_9)
FN:44,(anonymous_10)
FN:54,(anonymous_11)
FN:54,(anonymous_12)
FNF:12
FNH:4
FNDA:5,(anonymous_1)
FNDA:0,(anonymous_2)
FNDA:5,(anonymous_3)
FNDA:0,(anonymous_4)
FNDA:5,(anonymous_5)
FNDA:1,(anonymous_6)
FNDA:0,(anonymous_7)
FNDA:0,(anonymous_8)
FNDA:0,(anonymous_9)
FNDA:0,(anonymous_10)
FNDA:0,(anonymous_11)
FNDA:0,(anonymous_12)
DA:2,5
DA:3,5
DA:6,5
DA:7,0
DA:8,0
DA:12,5
DA:13,0
DA:14,0
DA:17,0
DA:18,0
DA:20,0
DA:23,5
DA:24,1
DA:25,1
DA:26,1
DA:27,1
DA:29,1
DA:30,1
DA:33,1
DA:36,5
DA:37,0
DA:38,0
DA:41,0
DA:44,5
DA:45,0
DA:46,0
DA:47,0
DA:51,0
DA:54,5
DA:55,0
DA:56,0
DA:60,0
LF:32
LH:15
BRDA:17,0,0,0
BRDA:17,0,1,0
BRDA:26,1,0,1
BRDA:26,1,1,0
BRF:4
BRH:1
end_of_record
TN:
SF:src/controllers/questionController.ts
FN:11,(anonymous_10)
FN:23,(anonymous_11)
FN:38,(anonymous_12)
FN:49,(anonymous_13)
FN:67,(anonymous_14)
FN:80,(anonymous_15)
FN:91,(anonymous_16)
FNF:7
FNH:7
FNDA:1,(anonymous_10)
FNDA:1,(anonymous_11)
FNDA:2,(anonymous_12)
FNDA:2,(anonymous_13)
FNDA:3,(anonymous_14)
FNDA:2,(anonymous_15)
FNDA:1,(anonymous_16)
DA:2,5
DA:3,5
DA:4,5
DA:5,5
DA:8,5
DA:10,5
DA:12,1
DA:13,1
DA:15,1
DA:16,1
DA:18,1
DA:22,5
DA:24,1
DA:25,1
DA:27,1
DA:28,1
DA:33,1
DA:37,5
DA:39,2
DA:40,2
DA:42,2
DA:44,1
DA:49,5
DA:50,2
DA:51,2
DA:53,2
DA:55,1
DA:56,0
DA:59,1
DA:64,1
DA:67,5
DA:68,3
DA:69,3
DA:70,3
DA:72,3
DA:77,1
DA:80,5
DA:81,2
DA:82,2
DA:84,2
DA:86,1
DA:90,5
DA:92,1
DA:94,1
DA:96,1
LF:45
LH:44
BRDA:55,0,0,0
BRDA:55,0,1,1
BRDA:61,1,0,1
BRDA:61,1,1,1
BRF:4
BRH:3
end_of_record
TN:
SF:src/controllers/quizController.ts
FN:16,(anonymous_10)
FN:24,(anonymous_11)
FN:32,(anonymous_12)
FN:42,(anonymous_13)
FN:50,(anonymous_14)
FN:57,(anonymous_15)
FN:65,(anonymous_16)
FN:74,(anonymous_17)
FN:82,(anonymous_18)
FNF:9
FNH:8
FNDA:0,(anonymous_10)
FNDA:3,(anonymous_11)
FNDA:3,(anonymous_12)
FNDA:5,(anonymous_13)
FNDA:1,(anonymous_14)
FNDA:7,(anonymous_15)
FNDA:3,(anonymous_16)
FNDA:2,(anonymous_17)
FNDA:2,(anonymous_18)
DA:2,5
DA:3,5
DA:4,5
DA:5,5
DA:6,5
DA:7,5
DA:10,5
DA:11,5
DA:12,5
DA:14,5
DA:16,5
DA:17,0
DA:18,0
DA:19,0
DA:20,0
DA:22,5
DA:24,5
DA:25,3
DA:26,3
DA:27,3
DA:28,3
DA:29,1
DA:32,5
DA:33,3
DA:34,3
DA:35,3
DA:36,1
DA:42,5
DA:43,5
DA:44,5
DA:45,5
DA:50,5
DA:51,1
DA:52,1
DA:53,1
DA:54,1
DA:57,5
DA:58,7
DA:59,7
DA:60,7
DA:61,7
DA:62,4
DA:65,5
DA:66,3
DA:67,3
DA:68,3
DA:69,3
DA:70,3
DA:71,1
DA:74,5
DA:75,2
DA:76,2
DA:77,2
DA:78,1
DA:82,5
DA:83,2
DA:84,2
DA:85,2
DA:86,1
DA:88,1
LF:60
LH:56
BRDA:85,0,0,1
BRDA:85,0,1,1
BRF:2
BRH:2
end_of_record
TN:
SF:src/controllers/reviewController.ts
FN:10,(anonymous_10)
FN:23,(anonymous_11)
FN:35,(anonymous_12)
FN:47,(anonymous_13)
FN:66,(anonymous_14)
FNF:5
FNH:5
FNDA:2,(anonymous_10)
FNDA:1,(anonymous_11)
FNDA:2,(anonymous_12)
FNDA:2,(anonymous_13)
FNDA:1,(anonymous_14)
DA:2,5
DA:3,5
DA:4,5
DA:5,5
DA:8,5
DA:10,5
DA:11,2
DA:12,2
DA:13,2
DA:14,2
DA:16,1
DA:22,5
DA:24,1
DA:25,1
DA:26,1
DA:28,1
DA:35,5
DA:36,2
DA:37,2
DA:39,2
DA:41,1
DA:47,5
DA:48,2
DA:49,2
DA:51,2
DA:53,2
DA:59,1
DA:65,5
DA:67,1
DA:68,1
DA:70,1
LF:31
LH:31
BRF:0
BRH:0
end_of_record
TN:
SF:src/controllers/userController.ts
FN:11,(anonymous_10)
FN:19,(anonymous_11)
FN:28,(anonymous_12)
FN:38,(anonymous_13)
FN:47,(anonymous_14)
FN:56,(anonymous_15)
FN:63,(anonymous_16)
FN:70,(anonymous_17)
FN:77,(anonymous_18)
FN:84,(anonymous_19)
FN:91,(anonymous_20)
FN:97,(anonymous_21)
FN:104,(anonymous_22)
FN:115,(anonymous_23)
FNF:14
FNH:14
FNDA:2,(anonymous_10)
FNDA:1,(anonymous_11)
FNDA:2,(anonymous_12)
FNDA:1,(anonymous_13)
FNDA:1,(anonymous_14)
FNDA:1,(anonymous_15)
FNDA:1,(anonymous_16)
FNDA:1,(anonymous_17)
FNDA:1,(anonymous_18)
FNDA:2,(anonymous_19)
FNDA:1,(anonymous_20)
FNDA:1,(anonymous_21)
FNDA:2,(anonymous_22)
FNDA:1,(anonymous_23)
DA:2,5
DA:3,5
DA:4,5
DA:5,5
DA:9,5
DA:11,5
DA:12,2
DA:13,2
DA:14,2
DA:15,2
DA:16,2
DA:19,5
DA:20,1
DA:21,1
DA:22,1
DA:23,1
DA:24,1
DA:25,1
DA:28,5
DA:29,2
DA:30,2
DA:31,2
DA:32,2
DA:33,1
DA:35,1
DA:38,5
DA:39,1
DA:40,1
DA:41,1
DA:42,1
DA:43,1
DA:44,1
DA:47,5
DA:48,1
DA:49,1
DA:50,1
DA:51,0
DA:53,1
DA:56,5
DA:57,1
DA:58,1
DA:59,1
DA:60,1
DA:63,5
DA:64,1
DA:65,1
DA:66,1
DA:67,1
DA:70,5
DA:71,1
DA:72,1
DA:73,1
DA:74,1
DA:77,5
DA:78,1
DA:79,1
DA:80,1
DA:81,1
DA:84,5
DA:85,2
DA:86,2
DA:87,2
DA:88,1
DA:91,5
DA:92,1
DA:93,1
DA:94,1
DA:95,1
DA:97,5
DA:98,1
DA:99,1
DA:100,1
DA:101,1
DA:104,5
DA:105,2
DA:106,2
DA:107,2
DA:108,2
DA:109,2
DA:110,1
DA:112,1
DA:115,5
DA:116,1
DA:117,1
DA:118,1
DA:119,1
LF:86
LH:85
BRDA:14,0,0,0
BRDA:14,0,1,2
BRDA:32,1,0,1
BRDA:32,1,1,1
BRDA:50,2,0,0
BRDA:50,2,1,1
BRDA:109,3,0,1
BRDA:109,3,1,1
BRF:8
BRH:6
end_of_record
TN:
SF:src/routers/authRouter.ts
FNF:0
FNH:0
DA:1,5
DA:2,5
DA:5,5
DA:7,5
DA:8,5
DA:9,5
DA:10,5
DA:11,5
DA:12,5
DA:13,5
DA:15,5
LF:11
LH:11
BRF:0
BRH:0
end_of_record
TN:
SF:src/routers/bookmarkRouter.ts
FNF:0
FNH:0
DA:1,5
DA:2,5
DA:3,5
DA:5,5
DA:7,5
DA:8,5
DA:9,5
DA:10,5
DA:11,5
DA:12,5
DA:13,5
DA:14,5
DA:16,5
LF:13
LH:13
BRF:0
BRH:0
end_of_record
TN:
SF:src/routers/questionRouter.ts
FNF:0
FNH:0
DA:1,5
DA:2,5
DA:3,5
DA:5,5
DA:7,5
DA:9,5
DA:11,5
DA:13,5
DA:18,5
DA:20,5
DA:25,5
LF:11
LH:11
BRF:0
BRH:0
end_of_record
TN:
SF:src/routers/quizRouter.ts
FNF:0
FNH:0
DA:1,5
DA:2,5
DA:3,5
DA:4,5
DA:6,5
DA:8,5
DA:10,5
DA:11,5
DA:12,5
DA:13,5
DA:14,5
DA:15,5
DA:16,5
DA:17,5
DA:18,5
DA:19,5
DA:22,5
LF:17
LH:17
BRF:0
BRH:0
end_of_record
TN:
SF:src/routers/reviewRouter.ts
FNF:0
FNH:0
DA:1,5
DA:2,5
DA:3,5
DA:5,5
DA:7,5
DA:9,5
DA:14,5
DA:19,5
LF:8
LH:8
BRF:0
BRH:0
end_of_record
TN:
SF:src/routers/userRouter.ts
FNF:0
FNH:0
DA:1,5
DA:2,5
DA:3,5
DA:5,5
DA:7,5
DA:8,5
DA:9,5
DA:10,5
DA:11,5
DA:12,5
DA:13,5
DA:14,5
DA:15,5
DA:16,5
DA:17,5
DA:18,5
DA:19,5
DA:20,5
DA:22,5
LF:19
LH:19
BRF:0
BRH:0
end_of_record
TN:
SF:src/schemas/auth.schema.ts
FN:8,(anonymous_1)
FN:24,(anonymous_2)
FN:33,(anonymous_3)
FNF:3
FNH:3
FNDA:10,(anonymous_1)
FNDA:5,(anonymous_2)
FNDA:8,(anonymous_3)
DA:1,7
DA:3,7
DA:8,10
DA:13,7
DA:18,7
DA:21,7
DA:24,5
DA:29,7
DA:33,8
LF:9
LH:9
BRF:0
BRH:0
end_of_record
TN:
SF:src/schemas/bookmark.schema.ts
FNF:0
FNH:0
DA:1,6
DA:3,6
LF:2
LH:2
BRF:0
BRH:0
end_of_record
TN:
SF:src/schemas/question.schema.ts
FNF:0
FNH:0
DA:1,5
DA:3,5
DA:8,5
DA:12,5
DA:21,5
DA:29,5
LF:6
LH:6
BRF:0
BRH:0
end_of_record
TN:
SF:src/schemas/quiz.schema.ts
FNF:0
FNH:0
DA:1,6
DA:3,6
DA:12,6
DA:20,6
DA:36,6
DA:41,6
DA:48,6
DA:59,6
DA:63,6
DA:67,6
DA:71,6
DA:85,6
LF:12
LH:12
BRF:0
BRH:0
end_of_record
TN:
SF:src/schemas/review.schema.ts
FNF:0
FNH:0
DA:1,6
DA:3,6
DA:11,6
DA:16,6
LF:4
LH:4
BRF:0
BRH:0
end_of_record
TN:
SF:src/schemas/user.schema.ts
FNF:0
FNH:0
DA:1,6
DA:3,6
DA:7,6
DA:11,6
DA:16,6
DA:21,6
DA:25,6
LF:7
LH:7
BRF:0
BRH:0
end_of_record
TN:
SF:src/services/authService.ts
FN:25,(anonymous_1)
FN:36,(anonymous_2)
FN:39,(anonymous_3)
FN:42,(anonymous_4)
FN:47,(anonymous_5)
FN:71,(anonymous_6)
FN:88,(anonymous_7)
FN:102,(anonymous_8)
FN:110,(anonymous_9)
FN:125,(anonymous_10)
FN:150,(anonymous_11)
FN:167,(anonymous_12)
FNF:12
FNH:12
FNDA:4,(anonymous_1)
FNDA:3,(anonymous_2)
FNDA:4,(anonymous_3)
FNDA:1,(anonymous_4)
FNDA:67,(anonymous_5)
FNDA:2,(anonymous_6)
FNDA:4,(anonymous_7)
FNDA:1,(anonymous_8)
FNDA:1,(anonymous_9)
FNDA:2,(anonymous_10)
FNDA:2,(anonymous_11)
FNDA:1,(anonymous_12)
DA:1,7
DA:2,7
DA:3,7
DA:4,7
DA:5,7
DA:6,7
DA:24,7
DA:25,7
DA:26,4
DA:27,4
DA:28,4
DA:29,0
DA:31,4
DA:34,4
DA:37,3
DA:40,4
DA:43,1
DA:44,1
DA:45,1
DA:48,67
DA:49,67
DA:50,66
DA:60,66
DA:61,1
DA:63,65
DA:64,4
DA:65,4
DA:66,1
DA:69,64
DA:72,2
DA:73,2
DA:74,1
DA:76,1
DA:77,1
DA:84,1
DA:85,1
DA:86,1
DA:89,4
DA:90,4
DA:93,4
DA:94,1
DA:96,3
DA:97,2
DA:99,1
DA:100,1
DA:103,1
DA:104,1
DA:105,0
DA:107,1
DA:108,1
DA:109,1
DA:110,1
DA:111,1
DA:118,1
DA:119,1
DA:121,0
DA:126,2
DA:127,2
DA:128,2
DA:134,2
DA:135,1
DA:137,1
DA:138,1
DA:147,1
DA:148,1
DA:151,2
DA:152,2
DA:153,2
DA:154,1
DA:156,1
DA:157,1
DA:164,1
DA:165,1
DA:168,1
LF:74
LH:71
BRDA:28,0,0,0
BRDA:28,0,1,4
BRDA:60,1,0,1
BRDA:60,1,1,65
BRDA:63,2,0,4
BRDA:63,2,1,61
BRDA:65,3,0,1
BRDA:65,3,1,3
BRDA:73,4,0,1
BRDA:73,4,1,1
BRDA:93,5,0,1
BRDA:93,5,1,3
BRDA:93,6,0,4
BRDA:93,6,1,3
BRDA:96,7,0,2
BRDA:96,7,1,1
BRDA:96,8,0,3
BRDA:96,8,1,2
BRDA:104,9,0,0
BRDA:104,9,1,1
BRDA:134,10,0,1
BRDA:134,10,1,1
BRDA:153,11,0,1
BRDA:153,11,1,1
BRDA:153,12,0,2
BRDA:153,12,1,2
BRF:26
BRH:24
end_of_record
TN:
SF:src/services/bookmarkService.ts
FN:15,(anonymous_1)
FN:50,(anonymous_2)
FN:69,(anonymous_3)
FN:112,(anonymous_4)
FN:113,(anonymous_5)
FN:144,(anonymous_6)
FN:166,(anonymous_7)
FN:183,(anonymous_8)
FN:184,(anonymous_9)
FN:201,(anonymous_10)
FN:217,(anonymous_11)
FN:218,(anonymous_12)
FN:227,(anonymous_13)
FN:241,(anonymous_14)
FN:244,(anonymous_15)
FN:245,(anonymous_16)
FNF:16
FNH:15
FNDA:4,(anonymous_1)
FNDA:2,(anonymous_2)
FNDA:1,(anonymous_3)
FNDA:1,(anonymous_4)
FNDA:0,(anonymous_5)
FNDA:2,(anonymous_6)
FNDA:1,(anonymous_7)
FNDA:1,(anonymous_8)
FNDA:1,(anonymous_9)
FNDA:1,(anonymous_10)
FNDA:1,(anonymous_11)
FNDA:1,(anonymous_12)
FNDA:2,(anonymous_13)
FNDA:1,(anonymous_14)
FNDA:2,(anonymous_15)
FNDA:1,(anonymous_16)
DA:1,5
DA:3,5
DA:13,5
DA:17,4
DA:24,4
DA:25,2
DA:28,2
DA:37,2
DA:38,1
DA:41,1
DA:47,1
DA:51,2
DA:52,2
DA:61,1
DA:62,1
DA:64,0
DA:70,1
DA:72,1
DA:112,1
DA:113,1
DA:114,1
DA:118,1
DA:120,1
DA:127,1
DA:128,1
DA:129,1
DA:131,1
DA:145,2
DA:146,2
DA:157,1
DA:159,1
DA:160,1
DA:162,0
DA:167,1
DA:184,1
DA:185,1
DA:195,1
DA:197,1
DA:198,0
DA:201,1
DA:203,1
DA:210,1
DA:218,1
DA:219,1
DA:227,2
DA:229,1
DA:230,0
DA:233,1
DA:241,1
DA:243,1
DA:244,2
DA:245,1
DA:250,1
DA:251,1
DA:256,1
LF:55
LH:51
BRDA:24,0,0,2
BRDA:24,0,1,2
BRDA:37,1,0,1
BRDA:37,1,1,1
BRDA:61,2,0,1
BRDA:61,2,1,0
BRDA:114,3,0,0
BRDA:114,3,1,1
BRDA:159,4,0,1
BRDA:159,4,1,0
BRDA:166,5,0,1
BRDA:197,6,0,0
BRDA:197,6,1,1
BRDA:229,7,0,0
BRDA:229,7,1,1
BRDA:250,8,0,1
BRDA:250,8,1,0
BRF:17
BRH:11
end_of_record
TN:
SF:src/services/questionService.ts
FN:30,(anonymous_1)
FN:41,(anonymous_2)
FN:50,(anonymous_3)
FN:65,(anonymous_4)
FN:85,(anonymous_5)
FN:98,(anonymous_6)
FN:118,(anonymous_7)
FN:123,(anonymous_8)
FN:144,(anonymous_9)
FN:149,(anonymous_10)
FN:159,(anonymous_11)
FN:160,(anonymous_12)
FN:169,(anonymous_13)
FNF:13
FNH:13
FNDA:1,(anonymous_1)
FNDA:1,(anonymous_2)
FNDA:3,(anonymous_3)
FNDA:1,(anonymous_4)
FNDA:2,(anonymous_5)
FNDA:5,(anonymous_6)
FNDA:1,(anonymous_7)
FNDA:1,(anonymous_8)
FNDA:3,(anonymous_9)
FNDA:3,(anonymous_10)
FNDA:2,(anonymous_11)
FNDA:2,(anonymous_12)
FNDA:1,(anonymous_13)
DA:1,5
DA:2,5
DA:29,5
DA:35,1
DA:37,1
DA:38,1
DA:39,0
DA:41,1
DA:42,1
DA:50,3
DA:56,1
DA:58,1
DA:70,1
DA:75,1
DA:76,1
DA:77,0
DA:79,1
DA:86,2
DA:91,2
DA:92,1
DA:93,0
DA:95,1
DA:99,5
DA:108,5
DA:109,2
DA:112,3
DA:113,1
DA:115,2
DA:123,1
DA:124,1
DA:129,1
DA:130,1
DA:131,0
DA:134,1
DA:149,3
DA:150,3
DA:152,1
DA:160,2
DA:161,2
DA:163,1
DA:170,1
DA:171,1
DA:173,1
DA:194,1
LF:44
LH:40
BRDA:37,0,0,0
BRDA:37,0,1,1
BRDA:38,1,0,0
BRDA:38,1,1,1
BRDA:75,2,0,0
BRDA:75,2,1,1
BRDA:76,3,0,0
BRDA:76,3,1,1
BRDA:91,4,0,1
BRDA:91,4,1,1
BRDA:92,5,0,0
BRDA:92,5,1,1
BRDA:108,6,0,2
BRDA:108,6,1,3
BRDA:112,7,0,1
BRDA:112,7,1,2
BRDA:129,8,0,0
BRDA:129,8,1,1
BRDA:130,9,0,0
BRDA:130,9,1,1
BRDA:171,10,0,0
BRDA:171,10,1,1
BRF:22
BRH:14
end_of_record
TN:
SF:src/services/quizService.ts
FN:56,(anonymous_1)
FN:65,(anonymous_2)
FN:77,(anonymous_3)
FN:82,(anonymous_4)
FN:104,(anonymous_5)
FN:114,(anonymous_6)
FN:115,(anonymous_7)
FN:130,(anonymous_8)
FN:153,(anonymous_9)
FN:154,(anonymous_10)
FN:162,(anonymous_11)
FN:163,(anonymous_12)
FN:171,(anonymous_13)
FN:217,(anonymous_14)
FN:218,(anonymous_15)
FN:264,(anonymous_16)
FN:265,(anonymous_17)
FN:299,(anonymous_18)
FN:300,(anonymous_19)
FN:335,(anonymous_20)
FN:354,(anonymous_21)
FN:373,(anonymous_22)
FN:374,(anonymous_23)
FN:381,(anonymous_24)
FN:386,(anonymous_25)
FNF:25
FNH:22
FNDA:6,(anonymous_1)
FNDA:1,(anonymous_2)
FNDA:2,(anonymous_3)
FNDA:1,(anonymous_4)
FNDA:0,(anonymous_5)
FNDA:0,(anonymous_6)
FNDA:0,(anonymous_7)
FNDA:2,(anonymous_8)
FNDA:3,(anonymous_9)
FNDA:3,(anonymous_10)
FNDA:3,(anonymous_11)
FNDA:3,(anonymous_12)
FNDA:5,(anonymous_13)
FNDA:1,(anonymous_14)
FNDA:1,(anonymous_15)
FNDA:7,(anonymous_16)
FNDA:7,(anonymous_17)
FNDA:3,(anonymous_18)
FNDA:3,(anonymous_19)
FNDA:1,(anonymous_20)
FNDA:2,(anonymous_21)
FNDA:1,(anonymous_22)
FNDA:1,(anonymous_23)
FNDA:1,(anonymous_24)
FNDA:1,(anonymous_25)
DA:1,5
DA:2,5
DA:3,5
DA:55,5
DA:57,6
DA:58,6
DA:59,2
DA:61,4
DA:62,2
DA:66,1
DA:67,1
DA:68,0
DA:69,0
DA:70,0
DA:71,0
DA:73,0
DA:76,1
DA:77,2
DA:78,1
DA:79,1
DA:80,1
DA:81,1
DA:82,1
DA:83,1
DA:84,0
DA:86,1
DA:87,1
DA:89,0
DA:92,1
DA:93,0
DA:94,1
DA:95,0
DA:97,1
DA:101,1
DA:105,0
DA:114,0
DA:115,0
DA:117,0
DA:120,0
DA:131,2
DA:151,2
DA:154,3
DA:155,3
DA:156,1
DA:163,3
DA:164,3
DA:165,1
DA:172,5
DA:173,5
DA:174,5
DA:175,5
DA:178,5
DA:185,5
DA:201,5
DA:202,5
DA:203,5
DA:204,5
DA:205,5
DA:218,1
DA:219,1
DA:220,1
DA:230,1
DA:231,1
DA:232,1
DA:240,1
DA:241,3
DA:242,3
DA:251,1
DA:265,7
DA:266,7
DA:267,7
DA:268,1
DA:271,6
DA:277,6
DA:278,1
DA:280,5
DA:287,5
DA:288,1
DA:290,4
DA:300,3
DA:301,3
DA:302,3
DA:303,1
DA:305,2
DA:306,1
DA:309,1
DA:311,1
DA:312,1
DA:313,1
DA:314,1
DA:319,1
DA:320,0
DA:322,1
DA:323,1
DA:325,1
DA:333,1
DA:334,1
DA:335,1
DA:343,1
DA:355,2
DA:370,2
DA:371,1
DA:373,1
DA:374,1
DA:375,1
DA:381,1
DA:386,1
LF:107
LH:92
BRDA:58,0,0,2
BRDA:58,0,1,4
BRDA:61,1,0,2
BRDA:61,1,1,2
BRDA:67,2,0,0
BRDA:67,2,1,1
BRDA:69,3,0,0
BRDA:69,3,1,0
BRDA:70,4,0,0
BRDA:70,4,1,0
BRDA:70,5,0,0
BRDA:70,5,1,0
BRDA:76,6,0,1
BRDA:76,6,1,0
BRDA:83,7,0,0
BRDA:83,7,1,1
BRDA:86,8,0,1
BRDA:86,8,1,0
BRDA:92,9,0,0
BRDA:92,9,1,1
BRDA:94,10,0,0
BRDA:94,10,1,1
BRDA:117,11,0,0
BRDA:117,11,1,0
BRDA:172,12,0,0
BRDA:172,12,1,5
BRDA:174,13,0,2
BRDA:174,13,1,3
BRDA:175,14,0,0
BRDA:175,14,1,5
BRDA:176,15,0,0
BRDA:176,15,1,5
BRDA:201,16,0,5
BRDA:201,16,1,0
BRDA:237,17,0,1
BRDA:237,17,1,0
BRDA:246,18,0,3
BRDA:246,18,1,2
BRDA:267,19,0,1
BRDA:267,19,1,6
BRDA:277,20,0,1
BRDA:277,20,1,5
BRDA:277,21,0,6
BRDA:277,21,1,2
BRDA:287,22,0,1
BRDA:287,22,1,4
BRDA:302,23,0,1
BRDA:302,23,1,2
BRDA:305,24,0,1
BRDA:305,24,1,1
BRDA:319,25,0,0
BRDA:319,25,1,1
BRDA:327,26,0,1
BRDA:327,26,1,1
BRDA:333,27,0,1
BRDA:333,27,1,0
BRDA:333,28,0,1
BRDA:333,28,1,1
BRDA:370,29,0,1
BRDA:370,29,1,1
BRDA:373,30,0,1
BRDA:373,30,1,0
BRF:62
BRH:40
end_of_record
TN:
SF:src/services/reviewService.ts
FN:20,(anonymous_1)
FN:50,(anonymous_2)
FN:89,(anonymous_3)
FN:102,(anonymous_4)
FN:125,(anonymous_5)
FNF:5
FNH:5
FNDA:2,(anonymous_1)
FNDA:1,(anonymous_2)
FNDA:2,(anonymous_3)
FNDA:2,(anonymous_4)
FNDA:1,(anonymous_5)
DA:1,5
DA:2,5
DA:19,5
DA:25,2
DA:26,2
DA:27,0
DA:29,2
DA:36,2
DA:37,1
DA:40,1
DA:54,1
DA:56,1
DA:74,1
DA:75,1
DA:76,1
DA:77,1
DA:90,2
DA:91,2
DA:92,1
DA:95,1
DA:96,0
DA:99,1
DA:107,2
DA:108,2
DA:109,0
DA:112,2
DA:113,1
DA:116,1
DA:126,1
DA:152,1
LF:30
LH:27
BRDA:26,0,0,0
BRDA:26,0,1,2
BRDA:36,1,0,1
BRDA:36,1,1,1
BRDA:91,2,0,1
BRDA:91,2,1,1
BRDA:95,3,0,0
BRDA:95,3,1,1
BRDA:108,4,0,0
BRDA:108,4,1,2
BRDA:112,5,0,1
BRDA:112,5,1,1
BRF:12
BRH:9
end_of_record
TN:
SF:src/services/userService.ts
FN:50,(anonymous_0)
FN:55,(anonymous_1)
FN:81,(anonymous_2)
FN:86,(anonymous_3)
FN:127,(anonymous_4)
FN:144,(anonymous_5)
FN:153,(anonymous_6)
FN:157,(anonymous_7)
FN:177,(anonymous_8)
FN:207,(anonymous_9)
FN:241,(anonymous_10)
FN:271,(anonymous_11)
FN:303,(anonymous_12)
FN:310,(anonymous_13)
FN:377,(anonymous_14)
FN:445,(anonymous_15)
FN:464,(anonymous_16)
FNF:17
FNH:16
FNDA:2,(anonymous_0)
FNDA:1,(anonymous_1)
FNDA:0,(anonymous_2)
FNDA:3,(anonymous_3)
FNDA:1,(anonymous_4)
FNDA:1,(anonymous_5)
FNDA:1,(anonymous_6)
FNDA:1,(anonymous_7)
FNDA:1,(anonymous_8)
FNDA:1,(anonymous_9)
FNDA:1,(anonymous_10)
FNDA:1,(anonymous_11)
FNDA:2,(anonymous_12)
FNDA:1,(anonymous_13)
FNDA:1,(anonymous_14)
FNDA:2,(anonymous_15)
FNDA:1,(anonymous_16)
DA:1,5
DA:2,5
DA:49,5
DA:51,2
DA:56,1
DA:57,1
DA:67,1
DA:68,1
DA:69,1
DA:70,1
DA:82,0
DA:88,3
DA:116,3
DA:118,2
DA:128,1
DA:129,1
DA:132,1
DA:144,1
DA:146,1
DA:152,1
DA:153,1
DA:154,1
DA:157,1
DA:162,1
DA:163,1
DA:164,1
DA:165,1
DA:178,1
DA:179,1
DA:192,1
DA:193,1
DA:194,1
DA:195,1
DA:196,1
DA:208,1
DA:209,1
DA:225,1
DA:226,1
DA:227,1
DA:228,1
DA:229,1
DA:242,1
DA:243,1
DA:256,1
DA:257,1
DA:258,1
DA:259,1
DA:260,1
DA:272,1
DA:273,1
DA:288,1
DA:289,1
DA:290,1
DA:291,1
DA:292,1
DA:304,2
DA:311,1
DA:312,1
DA:362,1
DA:363,1
DA:364,1
DA:365,1
DA:366,1
DA:378,1
DA:379,1
DA:400,1
DA:429,1
DA:430,1
DA:431,1
DA:432,1
DA:433,1
DA:446,2
DA:465,1
DA:466,1
DA:485,1
DA:486,1
DA:487,1
DA:488,1
LF:78
LH:77
BRDA:116,0,0,1
BRDA:116,0,1,2
BRDA:124,1,0,2
BRDA:124,1,1,0
BRDA:154,2,0,1
BRDA:154,2,1,0
BRDA:192,3,0,1
BRDA:192,3,1,0
BRDA:225,4,0,1
BRDA:225,4,1,0
BRDA:256,5,0,1
BRDA:256,5,1,0
BRDA:288,6,0,1
BRDA:288,6,1,0
BRDA:362,7,0,1
BRDA:362,7,1,0
BRDA:429,8,0,0
BRDA:429,8,1,1
BRF:18
BRH:10
end_of_record
TN:
SF:src/utils/appError.ts
FN:5,(anonymous_0)
FNF:1
FNH:1
FNDA:42,(anonymous_0)
DA:1,8
DA:6,42
DA:7,42
DA:8,42
DA:9,42
DA:10,42
LF:6
LH:6
BRDA:8,0,0,42
BRDA:8,0,1,0
BRF:2
BRH:1
end_of_record
TN:
SF:src/utils/catchAsync.ts
FN:1,(anonymous_0)
FN:2,(anonymous_1)
FNF:2
FNH:2
FNDA:273,(anonymous_0)
FNDA:158,(anonymous_1)
DA:1,6
DA:2,273
DA:3,158
LF:3
LH:3
BRF:0
BRH:0
end_of_record
TN:
SF:src/utils/email.ts
FN:12,(anonymous_1)
FN:17,(anonymous_2)
FN:27,(anonymous_3)
FN:42,(anonymous_4)
FN:48,(anonymous_5)
FNF:5
FNH:0
FNDA:0,(anonymous_1)
FNDA:0,(anonymous_2)
FNDA:0,(anonymous_3)
FNDA:0,(anonymous_4)
FNDA:0,(anonymous_5)
DA:1,6
DA:2,6
DA:6,6
DA:12,0
DA:13,0
DA:14,0
DA:15,0
DA:18,0
DA:28,0
DA:33,0
DA:40,0
DA:43,0
DA:49,0
LF:13
LH:3
BRF:0
BRH:0
end_of_record
TN:
SF:test/helpers/cleanup.ts
FN:4,cleanupDatabase
FN:19,cleanupDatabaseTransaction
FNF:2
FNH:1
FNDA:5,cleanupDatabase
FNDA:0,cleanupDatabaseTransaction
DA:1,5
DA:4,5
DA:5,5
DA:6,5
DA:7,5
DA:8,5
DA:9,5
DA:11,5
DA:12,5
DA:14,5
DA:16,5
DA:19,5
DA:20,0
LF:13
LH:12
BRF:0
BRH:0
end_of_record
