TN:
SF:src/app.ts
FN:26,(anonymous_1)
FNF:1
FNH:1
FNDA:89,(anonymous_1)
DA:1,5
DA:2,5
DA:3,5
DA:4,5
DA:5,5
DA:6,5
DA:7,5
DA:8,5
DA:9,5
DA:10,5
DA:11,5
DA:12,5
DA:13,5
DA:14,5
DA:16,5
DA:17,0
DA:20,5
DA:21,5
DA:22,5
DA:26,89
DA:29,5
DA:30,5
DA:31,5
DA:32,5
DA:33,5
DA:35,5
DA:36,5
DA:37,5
DA:38,5
DA:40,5
DA:42,5
DA:43,5
DA:45,5
LF:33
LH:32
BRDA:16,0,0,0
BRDA:16,0,1,5
BRF:2
BRH:1
end_of_record
TN:
SF:src/prisma.ts
FNF:0
FNH:0
DA:1,6
DA:2,6
DA:4,6
DA:6,6
DA:7,6
LF:5
LH:5
BRF:0
BRH:0
end_of_record
TN:
SF:src/controllers/authController.ts
FN:12,(anonymous_10)
FN:27,(anonymous_11)
FN:34,(anonymous_12)
FN:40,(anonymous_13)
FN:49,(anonymous_14)
FN:70,(anonymous_15)
FN:80,(anonymous_16)
FN:87,(anonymous_17)
FN:94,(anonymous_18)
FNF:9
FNH:8
FNDA:3,(anonymous_10)
FNDA:2,(anonymous_11)
FNDA:4,(anonymous_12)
FNDA:1,(anonymous_13)
FNDA:68,(anonymous_14)
FNDA:1,(anonymous_15)
FNDA:0,(anonymous_16)
FNDA:2,(anonymous_17)
FNDA:1,(anonymous_18)
DA:2,6
DA:3,6
DA:4,6
DA:5,6
DA:6,6
DA:10,6
DA:12,6
DA:13,3
DA:18,3
DA:20,3
DA:27,6
DA:28,2
DA:29,2
DA:30,2
DA:31,1
DA:34,6
DA:35,4
DA:36,4
DA:37,1
DA:40,6
DA:41,1
DA:46,1
DA:49,6
DA:51,68
DA:52,65
DA:53,3
DA:54,0
DA:56,68
DA:57,3
DA:59,65
DA:60,64
DA:61,0
DA:63,64
DA:64,0
DA:66,64
DA:67,64
DA:70,6
DA:71,1
DA:72,1
DA:73,1
DA:74,1
DA:80,6
DA:81,0
DA:82,0
DA:83,0
DA:84,0
DA:87,6
DA:88,2
DA:89,2
DA:90,2
DA:91,1
DA:94,6
DA:95,1
DA:96,1
DA:97,1
LF:55
LH:48
BRDA:15,0,0,3
BRDA:15,0,1,3
BRDA:43,1,0,1
BRDA:43,1,1,1
BRDA:51,2,0,65
BRDA:51,2,1,3
BRDA:51,3,0,68
BRDA:51,3,1,65
BRDA:53,4,0,0
BRDA:53,4,1,3
BRDA:56,5,0,3
BRDA:56,5,1,65
BRDA:60,6,0,0
BRDA:60,6,1,64
BRDA:63,7,0,0
BRDA:63,7,1,64
BRDA:72,8,0,1
BRDA:72,8,1,0
BRF:18
BRH:14
end_of_record
TN:
SF:src/controllers/bookmarkController.ts
FN:10,(anonymous_1)
FN:22,(anonymous_2)
FN:33,(anonymous_3)
FN:50,(anonymous_4)
FN:63,(anonymous_5)
FN:73,(anonymous_6)
FN:83,(anonymous_7)
FNF:7
FNH:7
FNDA:5,(anonymous_1)
FNDA:2,(anonymous_2)
FNDA:1,(anonymous_3)
FNDA:3,(anonymous_4)
FNDA:1,(anonymous_5)
FNDA:1,(anonymous_6)
FNDA:2,(anonymous_7)
DA:2,5
DA:3,5
DA:4,5
DA:5,5
DA:8,5
DA:10,5
DA:11,5
DA:12,5
DA:14,4
DA:16,1
DA:22,5
DA:23,2
DA:24,2
DA:26,2
DA:27,1
DA:33,5
DA:34,1
DA:35,1
DA:37,1
DA:39,1
DA:50,5
DA:51,3
DA:52,3
DA:53,3
DA:55,2
DA:57,1
DA:63,5
DA:64,1
DA:66,1
DA:73,5
DA:74,1
DA:75,1
DA:77,1
DA:83,5
DA:84,2
DA:85,2
DA:86,1
DA:88,1
LF:38
LH:38
BRF:0
BRH:0
end_of_record
TN:
SF:src/controllers/errorController.ts
FN:5,(anonymous_1)
FN:23,(anonymous_2)
FNF:2
FNH:2
FNDA:37,(anonymous_1)
FNDA:4,(anonymous_2)
DA:2,5
DA:3,5
DA:5,5
DA:6,37
DA:7,37
DA:9,37
DA:10,1
DA:11,1
DA:13,37
DA:14,0
DA:16,37
DA:17,0
DA:19,37
DA:20,0
DA:22,37
DA:23,4
DA:24,4
DA:26,37
DA:34,5
LF:19
LH:16
BRDA:6,0,0,37
BRDA:6,0,1,5
BRDA:7,1,0,37
BRDA:7,1,1,5
BRDA:9,2,0,1
BRDA:9,2,1,36
BRDA:10,3,0,1
BRDA:10,3,1,1
BRDA:13,4,0,0
BRDA:13,4,1,37
BRDA:16,5,0,0
BRDA:16,5,1,37
BRDA:19,6,0,0
BRDA:19,6,1,37
BRDA:22,7,0,4
BRDA:22,7,1,33
BRDA:29,8,0,0
BRDA:29,8,1,37
BRDA:30,9,0,0
BRDA:30,9,1,37
BRF:20
BRH:15
end_of_record
TN:
SF:src/controllers/handlerFactory.ts
FN:6,(anonymous_1)
FN:6,(anonymous_2)
FN:12,(anonymous_3)
FN:12,(anonymous_4)
FN:23,(anonymous_5)
FN:23,(anonymous_6)
FN:36,(anonymous_7)
FN:36,(anonymous_8)
FN:44,(anonymous_9)
FN:44,(anonymous_10)
FN:54,(anonymous_11)
FN:54,(anonymous_12)
FNF:12
FNH:4
FNDA:5,(anonymous_1)
FNDA:0,(anonymous_2)
FNDA:5,(anonymous_3)
FNDA:0,(anonymous_4)
FNDA:5,(anonymous_5)
FNDA:1,(anonymous_6)
FNDA:0,(anonymous_7)
FNDA:0,(anonymous_8)
FNDA:0,(anonymous_9)
FNDA:0,(anonymous_10)
FNDA:0,(anonymous_11)
FNDA:0,(anonymous_12)
DA:2,5
DA:3,5
DA:6,5
DA:7,0
DA:8,0
DA:12,5
DA:13,0
DA:14,0
DA:17,0
DA:18,0
DA:20,0
DA:23,5
DA:24,1
DA:25,1
DA:26,1
DA:27,1
DA:29,1
DA:30,1
DA:33,1
DA:36,5
DA:37,0
DA:38,0
DA:41,0
DA:44,5
DA:45,0
DA:46,0
DA:47,0
DA:51,0
DA:54,5
DA:55,0
DA:56,0
DA:60,0
LF:32
LH:15
BRDA:17,0,0,0
BRDA:17,0,1,0
BRDA:26,1,0,1
BRDA:26,1,1,0
BRF:4
BRH:1
end_of_record
TN:
SF:src/controllers/questionController.ts
FN:11,(anonymous_10)
FN:23,(anonymous_11)
FN:38,(anonymous_12)
FN:49,(anonymous_13)
FN:67,(anonymous_14)
FN:80,(anonymous_15)
FN:91,(anonymous_16)
FNF:7
FNH:7
FNDA:1,(anonymous_10)
FNDA:1,(anonymous_11)
FNDA:2,(anonymous_12)
FNDA:2,(anonymous_13)
FNDA:3,(anonymous_14)
FNDA:2,(anonymous_15)
FNDA:1,(anonymous_16)
DA:2,5
DA:3,5
DA:4,5
DA:5,5
DA:8,5
DA:10,5
DA:12,1
DA:13,1
DA:15,1
DA:16,1
DA:18,1
DA:22,5
DA:24,1
DA:25,1
DA:27,1
DA:28,1
DA:33,1
DA:37,5
DA:39,2
DA:40,2
DA:42,2
DA:44,1
DA:49,5
DA:50,2
DA:51,2
DA:53,2
DA:55,1
DA:56,0
DA:59,1
DA:64,1
DA:67,5
DA:68,3
DA:69,3
DA:70,3
DA:72,3
DA:77,1
DA:80,5
DA:81,2
DA:82,2
DA:84,2
DA:86,1
DA:90,5
DA:92,1
DA:94,1
DA:96,1
LF:45
LH:44
BRDA:55,0,0,0
BRDA:55,0,1,1
BRDA:61,1,0,1
BRDA:61,1,1,1
BRF:4
BRH:3
end_of_record
TN:
SF:src/controllers/quizController.ts
FN:16,(anonymous_10)
FN:24,(anonymous_11)
FN:32,(anonymous_12)
FN:42,(anonymous_13)
FN:50,(anonymous_14)
FN:58,(anonymous_15)
FN:66,(anonymous_16)
FN:75,(anonymous_17)
FN:83,(anonymous_18)
FNF:9
FNH:8
FNDA:0,(anonymous_10)
FNDA:3,(anonymous_11)
FNDA:3,(anonymous_12)
FNDA:5,(anonymous_13)
FNDA:1,(anonymous_14)
FNDA:7,(anonymous_15)
FNDA:3,(anonymous_16)
FNDA:2,(anonymous_17)
FNDA:2,(anonymous_18)
DA:2,5
DA:3,5
DA:4,5
DA:5,5
DA:6,5
DA:7,5
DA:10,5
DA:11,5
DA:12,5
DA:14,5
DA:16,5
DA:17,0
DA:18,0
DA:19,0
DA:20,0
DA:22,5
DA:24,5
DA:25,3
DA:26,3
DA:27,3
DA:28,3
DA:29,1
DA:32,5
DA:33,3
DA:34,3
DA:35,3
DA:36,1
DA:42,5
DA:43,5
DA:44,5
DA:45,5
DA:50,5
DA:51,1
DA:52,1
DA:53,1
DA:54,1
DA:55,1
DA:58,5
DA:59,7
DA:60,7
DA:61,7
DA:62,7
DA:63,4
DA:66,5
DA:67,3
DA:68,3
DA:69,3
DA:70,3
DA:71,3
DA:72,1
DA:75,5
DA:76,2
DA:77,2
DA:78,2
DA:79,1
DA:83,5
DA:84,2
DA:85,2
DA:86,2
DA:87,1
DA:89,1
LF:61
LH:57
BRDA:86,0,0,1
BRDA:86,0,1,1
BRF:2
BRH:2
end_of_record
TN:
SF:src/controllers/reviewController.ts
FN:9,(anonymous_10)
FN:22,(anonymous_11)
FN:34,(anonymous_12)
FN:46,(anonymous_13)
FN:65,(anonymous_14)
FNF:5
FNH:5
FNDA:2,(anonymous_10)
FNDA:1,(anonymous_11)
FNDA:2,(anonymous_12)
FNDA:2,(anonymous_13)
FNDA:1,(anonymous_14)
DA:2,5
DA:3,5
DA:4,5
DA:7,5
DA:9,5
DA:10,2
DA:11,2
DA:12,2
DA:13,2
DA:15,1
DA:21,5
DA:23,1
DA:24,1
DA:25,1
DA:27,1
DA:34,5
DA:35,2
DA:36,2
DA:38,2
DA:40,1
DA:46,5
DA:47,2
DA:48,2
DA:50,2
DA:52,2
DA:58,1
DA:64,5
DA:66,1
DA:68,1
LF:29
LH:29
BRF:0
BRH:0
end_of_record
TN:
SF:src/controllers/userController.ts
FN:11,(anonymous_10)
FN:19,(anonymous_11)
FN:28,(anonymous_12)
FN:38,(anonymous_13)
FN:47,(anonymous_14)
FN:56,(anonymous_15)
FN:63,(anonymous_16)
FN:70,(anonymous_17)
FN:77,(anonymous_18)
FN:84,(anonymous_19)
FN:91,(anonymous_20)
FN:97,(anonymous_21)
FN:104,(anonymous_22)
FN:115,(anonymous_23)
FNF:14
FNH:9
FNDA:2,(anonymous_10)
FNDA:0,(anonymous_11)
FNDA:2,(anonymous_12)
FNDA:0,(anonymous_13)
FNDA:1,(anonymous_14)
FNDA:1,(anonymous_15)
FNDA:1,(anonymous_16)
FNDA:0,(anonymous_17)
FNDA:0,(anonymous_18)
FNDA:2,(anonymous_19)
FNDA:1,(anonymous_20)
FNDA:0,(anonymous_21)
FNDA:2,(anonymous_22)
FNDA:2,(anonymous_23)
DA:2,5
DA:3,5
DA:4,5
DA:5,5
DA:9,5
DA:11,5
DA:12,2
DA:13,2
DA:14,2
DA:15,2
DA:16,2
DA:19,5
DA:20,0
DA:21,0
DA:22,0
DA:23,0
DA:24,0
DA:25,0
DA:28,5
DA:29,2
DA:30,2
DA:31,2
DA:32,2
DA:33,1
DA:35,1
DA:38,5
DA:39,0
DA:40,0
DA:41,0
DA:42,0
DA:43,0
DA:44,0
DA:47,5
DA:48,1
DA:49,1
DA:50,1
DA:51,0
DA:53,1
DA:56,5
DA:57,1
DA:58,1
DA:59,1
DA:60,1
DA:63,5
DA:64,1
DA:65,1
DA:66,1
DA:67,1
DA:70,5
DA:71,0
DA:72,0
DA:73,0
DA:74,0
DA:77,5
DA:78,0
DA:79,0
DA:80,0
DA:81,0
DA:84,5
DA:85,2
DA:86,2
DA:87,2
DA:88,1
DA:91,5
DA:92,1
DA:93,1
DA:94,1
DA:95,1
DA:97,5
DA:98,0
DA:99,0
DA:100,0
DA:101,0
DA:104,5
DA:105,2
DA:106,2
DA:107,2
DA:108,2
DA:109,2
DA:110,1
DA:112,1
DA:115,5
DA:116,2
DA:117,2
DA:118,2
DA:119,2
LF:86
LH:61
BRDA:14,0,0,0
BRDA:14,0,1,2
BRDA:32,1,0,1
BRDA:32,1,1,1
BRDA:50,2,0,0
BRDA:50,2,1,1
BRDA:109,3,0,1
BRDA:109,3,1,1
BRF:8
BRH:6
end_of_record
TN:
SF:src/routers/authRouter.ts
FNF:0
FNH:0
DA:1,5
DA:2,5
DA:5,5
DA:7,5
DA:8,5
DA:9,5
DA:10,5
DA:11,5
DA:12,5
DA:13,5
DA:15,5
LF:11
LH:11
BRF:0
BRH:0
end_of_record
TN:
SF:src/routers/bookmarkRouter.ts
FNF:0
FNH:0
DA:1,5
DA:2,5
DA:3,5
DA:5,5
DA:7,5
DA:8,5
DA:9,5
DA:10,5
DA:11,5
DA:12,5
DA:13,5
DA:14,5
DA:16,5
LF:13
LH:13
BRF:0
BRH:0
end_of_record
TN:
SF:src/routers/questionRouter.ts
FNF:0
FNH:0
DA:1,5
DA:2,5
DA:3,5
DA:5,5
DA:7,5
DA:9,5
DA:11,5
DA:13,5
DA:18,5
DA:20,5
DA:25,5
LF:11
LH:11
BRF:0
BRH:0
end_of_record
TN:
SF:src/routers/quizRouter.ts
FNF:0
FNH:0
DA:1,5
DA:2,5
DA:3,5
DA:4,5
DA:6,5
DA:8,5
DA:10,5
DA:11,5
DA:12,5
DA:13,5
DA:14,5
DA:15,5
DA:16,5
DA:17,5
DA:18,5
DA:19,5
DA:22,5
LF:17
LH:17
BRF:0
BRH:0
end_of_record
TN:
SF:src/routers/reviewRouter.ts
FNF:0
FNH:0
DA:1,5
DA:2,5
DA:3,5
DA:5,5
DA:7,5
DA:9,5
DA:14,5
DA:19,5
LF:8
LH:8
BRF:0
BRH:0
end_of_record
TN:
SF:src/routers/userRouter.ts
FNF:0
FNH:0
DA:1,5
DA:2,5
DA:3,5
DA:5,5
DA:7,5
DA:8,5
DA:9,5
DA:10,5
DA:11,5
DA:12,5
DA:13,5
DA:14,5
DA:15,5
DA:16,5
DA:17,5
DA:18,5
DA:19,5
DA:20,5
DA:22,5
LF:19
LH:19
BRF:0
BRH:0
end_of_record
TN:
SF:src/schemas/auth.schema.ts
FN:8,(anonymous_1)
FN:24,(anonymous_2)
FN:33,(anonymous_3)
FNF:3
FNH:3
FNDA:10,(anonymous_1)
FNDA:5,(anonymous_2)
FNDA:8,(anonymous_3)
DA:1,7
DA:3,7
DA:8,10
DA:13,7
DA:18,7
DA:21,7
DA:24,5
DA:29,7
DA:33,8
LF:9
LH:9
BRF:0
BRH:0
end_of_record
TN:
SF:src/schemas/bookmark.schema.ts
FNF:0
FNH:0
DA:1,6
DA:3,6
DA:7,6
LF:3
LH:3
BRF:0
BRH:0
end_of_record
TN:
SF:src/schemas/question.schema.ts
FNF:0
FNH:0
DA:1,5
DA:3,5
DA:8,5
DA:12,5
DA:21,5
DA:29,5
LF:6
LH:6
BRF:0
BRH:0
end_of_record
TN:
SF:src/schemas/quiz.schema.ts
FNF:0
FNH:0
DA:1,6
DA:3,6
DA:12,6
DA:20,6
DA:36,6
DA:41,6
DA:48,6
DA:59,6
DA:63,6
DA:67,6
DA:71,6
DA:85,6
LF:12
LH:12
BRF:0
BRH:0
end_of_record
TN:
SF:src/schemas/review.schema.ts
FNF:0
FNH:0
DA:1,6
DA:3,6
DA:11,6
DA:16,6
LF:4
LH:4
BRF:0
BRH:0
end_of_record
TN:
SF:src/schemas/user.schema.ts
FNF:0
FNH:0
DA:1,6
DA:3,6
DA:7,6
DA:11,6
DA:16,6
DA:21,6
DA:25,6
LF:7
LH:7
BRF:0
BRH:0
end_of_record
TN:
SF:src/services/authService.ts
FN:25,(anonymous_1)
FN:36,(anonymous_2)
FN:39,(anonymous_3)
FN:42,(anonymous_4)
FN:47,(anonymous_5)
FN:71,(anonymous_6)
FN:88,(anonymous_7)
FN:102,(anonymous_8)
FN:110,(anonymous_9)
FN:125,(anonymous_10)
FN:150,(anonymous_11)
FN:167,(anonymous_12)
FNF:12
FNH:12
FNDA:4,(anonymous_1)
FNDA:3,(anonymous_2)
FNDA:4,(anonymous_3)
FNDA:1,(anonymous_4)
FNDA:68,(anonymous_5)
FNDA:2,(anonymous_6)
FNDA:4,(anonymous_7)
FNDA:1,(anonymous_8)
FNDA:1,(anonymous_9)
FNDA:2,(anonymous_10)
FNDA:2,(anonymous_11)
FNDA:1,(anonymous_12)
DA:1,7
DA:2,7
DA:3,7
DA:4,7
DA:5,7
DA:6,7
DA:24,7
DA:25,7
DA:26,4
DA:27,4
DA:28,4
DA:29,0
DA:31,4
DA:34,4
DA:37,3
DA:40,4
DA:43,1
DA:44,1
DA:45,1
DA:48,68
DA:49,68
DA:50,67
DA:60,67
DA:61,1
DA:63,66
DA:64,4
DA:65,4
DA:66,1
DA:69,65
DA:72,2
DA:73,2
DA:74,1
DA:76,1
DA:77,1
DA:84,1
DA:85,1
DA:86,1
DA:89,4
DA:90,4
DA:93,4
DA:94,1
DA:96,3
DA:97,2
DA:99,1
DA:100,1
DA:103,1
DA:104,1
DA:105,0
DA:107,1
DA:108,1
DA:109,1
DA:110,1
DA:111,1
DA:118,1
DA:119,1
DA:121,0
DA:126,2
DA:127,2
DA:128,2
DA:134,2
DA:135,1
DA:137,1
DA:138,1
DA:147,1
DA:148,1
DA:151,2
DA:152,2
DA:153,2
DA:154,1
DA:156,1
DA:157,1
DA:164,1
DA:165,1
DA:168,1
LF:74
LH:71
BRDA:28,0,0,0
BRDA:28,0,1,4
BRDA:60,1,0,1
BRDA:60,1,1,66
BRDA:63,2,0,4
BRDA:63,2,1,62
BRDA:65,3,0,1
BRDA:65,3,1,3
BRDA:73,4,0,1
BRDA:73,4,1,1
BRDA:93,5,0,1
BRDA:93,5,1,3
BRDA:93,6,0,4
BRDA:93,6,1,3
BRDA:96,7,0,2
BRDA:96,7,1,1
BRDA:96,8,0,3
BRDA:96,8,1,2
BRDA:104,9,0,0
BRDA:104,9,1,1
BRDA:134,10,0,1
BRDA:134,10,1,1
BRDA:153,11,0,1
BRDA:153,11,1,1
BRDA:153,12,0,2
BRDA:153,12,1,2
BRF:26
BRH:24
end_of_record
TN:
SF:src/services/bookmarkService.ts
FN:15,(anonymous_1)
FN:50,(anonymous_2)
FN:69,(anonymous_3)
FN:112,(anonymous_4)
FN:113,(anonymous_5)
FN:144,(anonymous_6)
FN:166,(anonymous_7)
FN:183,(anonymous_8)
FN:184,(anonymous_9)
FN:201,(anonymous_10)
FN:217,(anonymous_11)
FN:218,(anonymous_12)
FN:227,(anonymous_13)
FN:241,(anonymous_14)
FN:244,(anonymous_15)
FN:245,(anonymous_16)
FNF:16
FNH:15
FNDA:4,(anonymous_1)
FNDA:2,(anonymous_2)
FNDA:1,(anonymous_3)
FNDA:1,(anonymous_4)
FNDA:0,(anonymous_5)
FNDA:2,(anonymous_6)
FNDA:1,(anonymous_7)
FNDA:1,(anonymous_8)
FNDA:1,(anonymous_9)
FNDA:1,(anonymous_10)
FNDA:1,(anonymous_11)
FNDA:1,(anonymous_12)
FNDA:2,(anonymous_13)
FNDA:1,(anonymous_14)
FNDA:2,(anonymous_15)
FNDA:1,(anonymous_16)
DA:1,5
DA:3,5
DA:13,5
DA:17,4
DA:24,4
DA:25,2
DA:28,2
DA:37,2
DA:38,1
DA:41,1
DA:47,1
DA:51,2
DA:52,2
DA:61,1
DA:62,1
DA:64,0
DA:70,1
DA:72,1
DA:112,1
DA:113,1
DA:114,1
DA:118,1
DA:120,1
DA:127,1
DA:128,1
DA:129,1
DA:131,1
DA:145,2
DA:146,2
DA:157,1
DA:159,1
DA:160,1
DA:162,0
DA:167,1
DA:184,1
DA:185,1
DA:195,1
DA:197,1
DA:198,0
DA:201,1
DA:203,1
DA:210,1
DA:218,1
DA:219,1
DA:227,2
DA:229,1
DA:230,0
DA:233,1
DA:241,1
DA:243,1
DA:244,2
DA:245,1
DA:250,1
DA:251,1
DA:256,1
LF:55
LH:51
BRDA:24,0,0,2
BRDA:24,0,1,2
BRDA:37,1,0,1
BRDA:37,1,1,1
BRDA:61,2,0,1
BRDA:61,2,1,0
BRDA:114,3,0,0
BRDA:114,3,1,1
BRDA:159,4,0,1
BRDA:159,4,1,0
BRDA:166,5,0,1
BRDA:197,6,0,0
BRDA:197,6,1,1
BRDA:229,7,0,0
BRDA:229,7,1,1
BRDA:250,8,0,1
BRDA:250,8,1,0
BRF:17
BRH:11
end_of_record
TN:
SF:src/services/questionService.ts
FN:30,(anonymous_1)
FN:41,(anonymous_2)
FN:50,(anonymous_3)
FN:65,(anonymous_4)
FN:85,(anonymous_5)
FN:98,(anonymous_6)
FN:118,(anonymous_7)
FN:123,(anonymous_8)
FN:144,(anonymous_9)
FN:149,(anonymous_10)
FN:159,(anonymous_11)
FN:160,(anonymous_12)
FN:169,(anonymous_13)
FNF:13
FNH:13
FNDA:1,(anonymous_1)
FNDA:1,(anonymous_2)
FNDA:3,(anonymous_3)
FNDA:1,(anonymous_4)
FNDA:2,(anonymous_5)
FNDA:5,(anonymous_6)
FNDA:1,(anonymous_7)
FNDA:1,(anonymous_8)
FNDA:3,(anonymous_9)
FNDA:3,(anonymous_10)
FNDA:2,(anonymous_11)
FNDA:2,(anonymous_12)
FNDA:1,(anonymous_13)
DA:1,5
DA:2,5
DA:29,5
DA:35,1
DA:37,1
DA:38,1
DA:39,0
DA:41,1
DA:42,1
DA:50,3
DA:56,1
DA:58,1
DA:70,1
DA:75,1
DA:76,1
DA:77,0
DA:79,1
DA:86,2
DA:91,2
DA:92,1
DA:93,0
DA:95,1
DA:99,5
DA:108,5
DA:109,2
DA:112,3
DA:113,1
DA:115,2
DA:123,1
DA:124,1
DA:129,1
DA:130,1
DA:131,0
DA:134,1
DA:149,3
DA:150,3
DA:152,1
DA:160,2
DA:161,2
DA:163,1
DA:170,1
DA:171,1
DA:173,1
DA:194,1
LF:44
LH:40
BRDA:37,0,0,0
BRDA:37,0,1,1
BRDA:38,1,0,0
BRDA:38,1,1,1
BRDA:75,2,0,0
BRDA:75,2,1,1
BRDA:76,3,0,0
BRDA:76,3,1,1
BRDA:91,4,0,1
BRDA:91,4,1,1
BRDA:92,5,0,0
BRDA:92,5,1,1
BRDA:108,6,0,2
BRDA:108,6,1,3
BRDA:112,7,0,1
BRDA:112,7,1,2
BRDA:129,8,0,0
BRDA:129,8,1,1
BRDA:130,9,0,0
BRDA:130,9,1,1
BRDA:171,10,0,0
BRDA:171,10,1,1
BRF:22
BRH:14
end_of_record
TN:
SF:src/services/quizService.ts
FN:56,(anonymous_1)
FN:69,(anonymous_2)
FN:92,(anonymous_3)
FN:99,(anonymous_4)
FN:127,(anonymous_5)
FN:137,(anonymous_6)
FN:139,(anonymous_7)
FN:154,(anonymous_8)
FN:177,(anonymous_9)
FN:178,(anonymous_10)
FN:186,(anonymous_11)
FN:187,(anonymous_12)
FN:195,(anonymous_13)
FN:246,(anonymous_14)
FN:247,(anonymous_15)
FN:299,(anonymous_16)
FN:300,(anonymous_17)
FN:334,(anonymous_18)
FN:335,(anonymous_19)
FN:376,(anonymous_20)
FN:393,(anonymous_21)
FN:413,(anonymous_22)
FN:418,(anonymous_23)
FN:427,(anonymous_24)
FN:432,(anonymous_25)
FNF:25
FNH:22
FNDA:6,(anonymous_1)
FNDA:1,(anonymous_2)
FNDA:2,(anonymous_3)
FNDA:1,(anonymous_4)
FNDA:0,(anonymous_5)
FNDA:0,(anonymous_6)
FNDA:0,(anonymous_7)
FNDA:2,(anonymous_8)
FNDA:3,(anonymous_9)
FNDA:3,(anonymous_10)
FNDA:3,(anonymous_11)
FNDA:3,(anonymous_12)
FNDA:5,(anonymous_13)
FNDA:1,(anonymous_14)
FNDA:1,(anonymous_15)
FNDA:7,(anonymous_16)
FNDA:7,(anonymous_17)
FNDA:3,(anonymous_18)
FNDA:3,(anonymous_19)
FNDA:1,(anonymous_20)
FNDA:2,(anonymous_21)
FNDA:1,(anonymous_22)
FNDA:1,(anonymous_23)
FNDA:1,(anonymous_24)
FNDA:1,(anonymous_25)
DA:1,5
DA:2,5
DA:3,5
DA:55,5
DA:61,6
DA:62,6
DA:63,2
DA:65,4
DA:66,2
DA:74,1
DA:75,1
DA:76,0
DA:77,0
DA:80,0
DA:85,0
DA:87,0
DA:90,1
DA:91,1
DA:92,2
DA:94,1
DA:95,1
DA:96,1
DA:97,1
DA:98,1
DA:99,1
DA:101,1
DA:102,0
DA:107,1
DA:108,1
DA:110,0
DA:113,1
DA:114,0
DA:115,1
DA:116,0
DA:118,1
DA:124,1
DA:128,0
DA:137,0
DA:138,0
DA:139,0
DA:143,0
DA:144,0
DA:155,2
DA:175,2
DA:178,3
DA:179,3
DA:180,1
DA:187,3
DA:188,3
DA:189,1
DA:197,5
DA:198,5
DA:199,5
DA:201,5
DA:206,5
DA:213,5
DA:230,5
DA:231,5
DA:232,5
DA:233,5
DA:234,5
DA:247,1
DA:255,1
DA:256,1
DA:266,1
DA:267,1
DA:268,1
DA:276,1
DA:277,3
DA:278,3
DA:287,1
DA:300,7
DA:301,7
DA:302,7
DA:303,1
DA:306,6
DA:312,6
DA:313,1
DA:315,5
DA:322,5
DA:323,1
DA:325,4
DA:335,3
DA:336,3
DA:339,3
DA:340,1
DA:342,2
DA:343,1
DA:346,1
DA:348,1
DA:349,1
DA:350,1
DA:351,1
DA:356,1
DA:357,0
DA:359,1
DA:364,1
DA:366,1
DA:374,1
DA:375,1
DA:376,1
DA:384,1
DA:394,2
DA:409,2
DA:410,1
DA:412,1
DA:414,1
DA:417,1
DA:418,1
DA:421,1
DA:427,1
DA:432,1
LF:112
LH:96
BRDA:62,0,0,2
BRDA:62,0,1,4
BRDA:65,1,0,2
BRDA:65,1,1,2
BRDA:75,2,0,0
BRDA:75,2,1,1
BRDA:77,3,0,0
BRDA:77,3,1,0
BRDA:80,4,0,0
BRDA:80,4,1,0
BRDA:81,5,0,0
BRDA:81,5,1,0
BRDA:90,6,0,1
BRDA:90,6,1,0
BRDA:101,7,0,0
BRDA:101,7,1,1
BRDA:107,8,0,1
BRDA:107,8,1,0
BRDA:113,9,0,0
BRDA:113,9,1,1
BRDA:115,10,0,0
BRDA:115,10,1,1
BRDA:143,11,0,0
BRDA:143,11,1,0
BRDA:197,12,0,0
BRDA:197,12,1,5
BRDA:199,13,0,2
BRDA:199,13,1,3
BRDA:201,14,0,0
BRDA:201,14,1,5
BRDA:203,15,0,0
BRDA:203,15,1,5
BRDA:230,16,0,5
BRDA:230,16,1,0
BRDA:273,17,0,1
BRDA:273,17,1,0
BRDA:282,18,0,3
BRDA:282,18,1,2
BRDA:302,19,0,1
BRDA:302,19,1,6
BRDA:312,20,0,1
BRDA:312,20,1,5
BRDA:312,21,0,6
BRDA:312,21,1,2
BRDA:322,22,0,1
BRDA:322,22,1,4
BRDA:339,23,0,1
BRDA:339,23,1,2
BRDA:342,24,0,1
BRDA:342,24,1,1
BRDA:356,25,0,0
BRDA:356,25,1,1
BRDA:368,26,0,1
BRDA:368,26,1,1
BRDA:374,27,0,1
BRDA:374,27,1,0
BRDA:374,28,0,1
BRDA:374,28,1,1
BRDA:409,29,0,1
BRDA:409,29,1,1
BRDA:414,30,0,1
BRDA:414,30,1,0
BRF:62
BRH:40
end_of_record
TN:
SF:src/services/reviewService.ts
FN:20,(anonymous_1)
FN:50,(anonymous_2)
FN:89,(anonymous_3)
FN:102,(anonymous_4)
FN:125,(anonymous_5)
FNF:5
FNH:5
FNDA:2,(anonymous_1)
FNDA:1,(anonymous_2)
FNDA:2,(anonymous_3)
FNDA:2,(anonymous_4)
FNDA:1,(anonymous_5)
DA:1,5
DA:2,5
DA:19,5
DA:25,2
DA:26,2
DA:27,0
DA:29,2
DA:36,2
DA:37,1
DA:40,1
DA:54,1
DA:56,1
DA:74,1
DA:75,1
DA:76,1
DA:77,1
DA:90,2
DA:91,2
DA:92,1
DA:95,1
DA:96,0
DA:99,1
DA:107,2
DA:108,2
DA:109,0
DA:112,2
DA:113,1
DA:116,1
DA:126,1
DA:151,1
LF:30
LH:27
BRDA:26,0,0,0
BRDA:26,0,1,2
BRDA:36,1,0,1
BRDA:36,1,1,1
BRDA:91,2,0,1
BRDA:91,2,1,1
BRDA:95,3,0,0
BRDA:95,3,1,1
BRDA:108,4,0,0
BRDA:108,4,1,2
BRDA:112,5,0,1
BRDA:112,5,1,1
BRF:12
BRH:9
end_of_record
TN:
SF:src/services/userService.ts
FN:50,(anonymous_0)
FN:55,(anonymous_1)
FN:81,(anonymous_2)
FN:86,(anonymous_3)
FN:126,(anonymous_4)
FN:143,(anonymous_5)
FN:152,(anonymous_6)
FN:156,(anonymous_7)
FN:176,(anonymous_8)
FN:206,(anonymous_9)
FN:240,(anonymous_10)
FN:270,(anonymous_11)
FN:302,(anonymous_12)
FN:309,(anonymous_13)
FN:376,(anonymous_14)
FN:442,(anonymous_15)
FN:461,(anonymous_16)
FNF:17
FNH:8
FNDA:2,(anonymous_0)
FNDA:0,(anonymous_1)
FNDA:0,(anonymous_2)
FNDA:3,(anonymous_3)
FNDA:0,(anonymous_4)
FNDA:0,(anonymous_5)
FNDA:0,(anonymous_6)
FNDA:0,(anonymous_7)
FNDA:1,(anonymous_8)
FNDA:1,(anonymous_9)
FNDA:0,(anonymous_10)
FNDA:0,(anonymous_11)
FNDA:2,(anonymous_12)
FNDA:1,(anonymous_13)
FNDA:0,(anonymous_14)
FNDA:2,(anonymous_15)
FNDA:2,(anonymous_16)
DA:1,5
DA:2,5
DA:49,5
DA:51,2
DA:56,0
DA:57,0
DA:67,0
DA:68,0
DA:69,0
DA:70,0
DA:82,0
DA:88,3
DA:115,3
DA:117,2
DA:127,0
DA:128,0
DA:131,0
DA:143,0
DA:145,0
DA:151,0
DA:152,0
DA:153,0
DA:156,0
DA:161,0
DA:162,0
DA:163,0
DA:164,0
DA:177,1
DA:178,1
DA:191,1
DA:192,1
DA:193,1
DA:194,1
DA:195,1
DA:207,1
DA:208,1
DA:224,1
DA:225,1
DA:226,1
DA:227,1
DA:228,1
DA:241,0
DA:242,0
DA:255,0
DA:256,0
DA:257,0
DA:258,0
DA:259,0
DA:271,0
DA:272,0
DA:287,0
DA:288,0
DA:289,0
DA:290,0
DA:291,0
DA:303,2
DA:310,1
DA:311,1
DA:361,1
DA:362,1
DA:363,1
DA:364,1
DA:365,1
DA:377,0
DA:378,0
DA:397,0
DA:426,0
DA:427,0
DA:428,0
DA:429,0
DA:430,0
DA:443,2
DA:462,2
DA:463,2
DA:482,2
DA:483,2
DA:484,2
DA:485,2
LF:78
LH:36
BRDA:115,0,0,1
BRDA:115,0,1,2
BRDA:123,1,0,2
BRDA:123,1,1,0
BRDA:153,2,0,0
BRDA:153,2,1,0
BRDA:191,3,0,1
BRDA:191,3,1,0
BRDA:224,4,0,1
BRDA:224,4,1,0
BRDA:255,5,0,0
BRDA:255,5,1,0
BRDA:287,6,0,0
BRDA:287,6,1,0
BRDA:361,7,0,1
BRDA:361,7,1,0
BRDA:426,8,0,0
BRDA:426,8,1,0
BRF:18
BRH:6
end_of_record
TN:
SF:src/utils/appError.ts
FN:5,(anonymous_0)
FNF:1
FNH:1
FNDA:42,(anonymous_0)
DA:1,8
DA:6,42
DA:7,42
DA:8,42
DA:9,42
DA:10,42
LF:6
LH:6
BRDA:8,0,0,42
BRDA:8,0,1,0
BRF:2
BRH:1
end_of_record
TN:
SF:src/utils/catchAsync.ts
FN:1,(anonymous_0)
FN:2,(anonymous_1)
FNF:2
FNH:2
FNDA:273,(anonymous_0)
FNDA:155,(anonymous_1)
DA:1,6
DA:2,273
DA:3,155
LF:3
LH:3
BRF:0
BRH:0
end_of_record
TN:
SF:src/utils/email.ts
FN:12,(anonymous_1)
FN:17,(anonymous_2)
FN:27,(anonymous_3)
FN:42,(anonymous_4)
FN:48,(anonymous_5)
FNF:5
FNH:0
FNDA:0,(anonymous_1)
FNDA:0,(anonymous_2)
FNDA:0,(anonymous_3)
FNDA:0,(anonymous_4)
FNDA:0,(anonymous_5)
DA:1,6
DA:2,6
DA:6,6
DA:12,0
DA:13,0
DA:14,0
DA:15,0
DA:18,0
DA:28,0
DA:33,0
DA:40,0
DA:43,0
DA:49,0
LF:13
LH:3
BRF:0
BRH:0
end_of_record
TN:
SF:test/helpers/cleanup.ts
FN:4,cleanupDatabase
FN:19,cleanupDatabaseTransaction
FNF:2
FNH:1
FNDA:5,cleanupDatabase
FNDA:0,cleanupDatabaseTransaction
DA:1,5
DA:4,5
DA:5,5
DA:6,5
DA:7,5
DA:8,5
DA:9,5
DA:11,5
DA:12,5
DA:14,5
DA:16,5
DA:19,5
DA:20,0
LF:13
LH:12
BRF:0
BRH:0
end_of_record
